   1              		.syntax unified
   2              		.cpu cortex-m0
   3              		.fpu softvfp
   4              		.eabi_attribute 20, 1
   5              		.eabi_attribute 21, 1
   6              		.eabi_attribute 23, 3
   7              		.eabi_attribute 24, 1
   8              		.eabi_attribute 25, 1
   9              		.eabi_attribute 26, 1
  10              		.eabi_attribute 30, 4
  11              		.eabi_attribute 34, 0
  12              		.eabi_attribute 18, 4
  13              		.thumb
  14              		.syntax unified
  15              		.file	"ali_HeatingTable.c"
  16              		.text
  17              	.Ltext0:
  18              		.cfi_sections	.debug_frame
  19              		.comm	L_LEV,4,4
  20              		.comm	GPIO_FUNC,1,1
  21              		.align	1
  22              		.code	16
  23              		.thumb_func
  25              	_cw_set_on_off:
  26              	.LFB86:
  27              		.file 1 "../../../mesh/app/ali_HeatingTable/ali_HeatingTable.c"
   1:../../../mesh/app/ali_HeatingTable/ali_HeatingTable.c **** #include "ali_HeatingTable.h"
   2:../../../mesh/app/ali_HeatingTable/ali_HeatingTable.c **** #include "mm_defines.h"
   3:../../../mesh/app/ali_HeatingTable/ali_HeatingTable.c **** #include "meshTimer.h"
   4:../../../mesh/app/ali_HeatingTable/ali_HeatingTable.c **** 
   5:../../../mesh/app/ali_HeatingTable/ali_HeatingTable.c **** #include "mm_ali.h"
   6:../../../mesh/app/ali_HeatingTable/ali_HeatingTable.c **** #include "bc_flash.h"
   7:../../../mesh/app/ali_HeatingTable/ali_HeatingTable.c **** #include "bc_sys.h"
   8:../../../mesh/app/ali_HeatingTable/ali_HeatingTable.c **** #include "led.h"
   9:../../../mesh/app/ali_HeatingTable/ali_HeatingTable.c **** #include "ProtocolRln.h"
  10:../../../mesh/app/ali_HeatingTable/ali_HeatingTable.c **** 
  11:../../../mesh/app/ali_HeatingTable/ali_HeatingTable.c **** #define CMD_EINX_LEN	(4)
  12:../../../mesh/app/ali_HeatingTable/ali_HeatingTable.c **** #define BROADCAST_ADDR (0xC1A5)
  13:../../../mesh/app/ali_HeatingTable/ali_HeatingTable.c **** 
  14:../../../mesh/app/ali_HeatingTable/ali_HeatingTable.c **** #define HT_MODE		(0xf004)
  15:../../../mesh/app/ali_HeatingTable/ali_HeatingTable.c **** #define HT_TURN		(0xf00b)
  16:../../../mesh/app/ali_HeatingTable/ali_HeatingTable.c **** #define HT_GEAR		(0x0174)//(0xf00b)
  17:../../../mesh/app/ali_HeatingTable/ali_HeatingTable.c **** #define HT_GEAR_L	(0x0185)//[1 5]
  18:../../../mesh/app/ali_HeatingTable/ali_HeatingTable.c **** #define HT_GEAR_R	(0x0186)//[1 5]
  19:../../../mesh/app/ali_HeatingTable/ali_HeatingTable.c **** #define HT_GEAR_F	(0x0187)//[1 5]
  20:../../../mesh/app/ali_HeatingTable/ali_HeatingTable.c **** #define HT_GEAR_B	(0x0188)//[1 5]
  21:../../../mesh/app/ali_HeatingTable/ali_HeatingTable.c **** #define HT_DRCT		(0x054A)//Direction up down and stop
  22:../../../mesh/app/ali_HeatingTable/ali_HeatingTable.c **** 
  23:../../../mesh/app/ali_HeatingTable/ali_HeatingTable.c **** 
  24:../../../mesh/app/ali_HeatingTable/ali_HeatingTable.c **** static ali_heating_table_t* pstHeatTable = NULL;
  25:../../../mesh/app/ali_HeatingTable/ali_HeatingTable.c **** 
  26:../../../mesh/app/ali_HeatingTable/ali_HeatingTable.c **** static void _period_ind_timer_cb(void* param);
  27:../../../mesh/app/ali_HeatingTable/ali_HeatingTable.c **** 
  28:../../../mesh/app/ali_HeatingTable/ali_HeatingTable.c **** static uint8_t _param_init(void);
  29:../../../mesh/app/ali_HeatingTable/ali_HeatingTable.c **** 
  30:../../../mesh/app/ali_HeatingTable/ali_HeatingTable.c **** static void _ready_to_indicate(bool random);
  31:../../../mesh/app/ali_HeatingTable/ali_HeatingTable.c **** 
  32:../../../mesh/app/ali_HeatingTable/ali_HeatingTable.c **** /*********************Hardware Ctrl Start**********************/
  33:../../../mesh/app/ali_HeatingTable/ali_HeatingTable.c **** static void _cw_init(light_cw_t* t)
  34:../../../mesh/app/ali_HeatingTable/ali_HeatingTable.c **** {
  35:../../../mesh/app/ali_HeatingTable/ali_HeatingTable.c **** 	return led_cw_init(t);
  36:../../../mesh/app/ali_HeatingTable/ali_HeatingTable.c **** }
  37:../../../mesh/app/ali_HeatingTable/ali_HeatingTable.c **** 
  38:../../../mesh/app/ali_HeatingTable/ali_HeatingTable.c **** static void _cw_set_on_off(uint8_t on)
  39:../../../mesh/app/ali_HeatingTable/ali_HeatingTable.c **** {
  28              		.loc 1 39 0
  29              		.cfi_startproc
  30              		@ args = 0, pretend = 0, frame = 0
  31              		@ frame_needed = 0, uses_anonymous_args = 0
  32              	.LVL0:
  33 0000 70B5     		push	{r4, r5, r6, lr}
  34              	.LCFI0:
  35              		.cfi_def_cfa_offset 16
  36              		.cfi_offset 4, -16
  37              		.cfi_offset 5, -12
  38              		.cfi_offset 6, -8
  39              		.cfi_offset 14, -4
  40              		.loc 1 39 0
  41 0002 0500     		movs	r5, r0
  40:../../../mesh/app/ali_HeatingTable/ali_HeatingTable.c **** 	//led_cw_set_on_off(on, NULL);
  41:../../../mesh/app/ali_HeatingTable/ali_HeatingTable.c **** 	//_ready_to_indicate(true);
  42:../../../mesh/app/ali_HeatingTable/ali_HeatingTable.c **** 	uint8_t _len = 4+CMD_EINX_LEN;
  43:../../../mesh/app/ali_HeatingTable/ali_HeatingTable.c **** 	uint8_t* _data = malloc(_len);
  42              		.loc 1 43 0
  43 0004 0820     		movs	r0, #8
  44              	.LVL1:
  45 0006 FFF7FEFF 		bl	malloc
  46              	.LVL2:
  47 000a 041E     		subs	r4, r0, #0
  48              	.LVL3:
  44:../../../mesh/app/ali_HeatingTable/ali_HeatingTable.c **** 	if(!_data)
  49              		.loc 1 44 0
  50 000c 13D0     		beq	.L1
  45:../../../mesh/app/ali_HeatingTable/ali_HeatingTable.c **** 		return;
  46:../../../mesh/app/ali_HeatingTable/ali_HeatingTable.c **** 	_data[0] = MM_MSG_ALIS_ATTR_SET;
  51              		.loc 1 46 0
  52 000e D123     		movs	r3, #209
  47:../../../mesh/app/ali_HeatingTable/ali_HeatingTable.c **** 	_data[1] = ALI_COMPANY_ID&0xff;
  48:../../../mesh/app/ali_HeatingTable/ali_HeatingTable.c **** 	_data[2] = ALI_COMPANY_ID>>8;
  49:../../../mesh/app/ali_HeatingTable/ali_HeatingTable.c **** 	_data[3] = 0;
  53              		.loc 1 49 0
  54 0010 0022     		movs	r2, #0
  50:../../../mesh/app/ali_HeatingTable/ali_HeatingTable.c **** 	_data[4] = emmTid;
  55              		.loc 1 50 0
  56 0012 0949     		ldr	r1, .L7
  46:../../../mesh/app/ali_HeatingTable/ali_HeatingTable.c **** 	_data[1] = ALI_COMPANY_ID&0xff;
  57              		.loc 1 46 0
  58 0014 0370     		strb	r3, [r0]
  59              		.loc 1 50 0
  60 0016 0978     		ldrb	r1, [r1]
  47:../../../mesh/app/ali_HeatingTable/ali_HeatingTable.c **** 	_data[1] = ALI_COMPANY_ID&0xff;
  61              		.loc 1 47 0
  62 0018 293B     		subs	r3, r3, #41
  63 001a 4370     		strb	r3, [r0, #1]
  48:../../../mesh/app/ali_HeatingTable/ali_HeatingTable.c **** 	_data[3] = 0;
  64              		.loc 1 48 0
  65 001c A73B     		subs	r3, r3, #167
  66              		.loc 1 50 0
  67 001e 0171     		strb	r1, [r0, #4]
  48:../../../mesh/app/ali_HeatingTable/ali_HeatingTable.c **** 	_data[3] = 0;
  68              		.loc 1 48 0
  69 0020 8370     		strb	r3, [r0, #2]
  49:../../../mesh/app/ali_HeatingTable/ali_HeatingTable.c **** 	_data[4] = emmTid;
  70              		.loc 1 49 0
  71 0022 C270     		strb	r2, [r0, #3]
  51:../../../mesh/app/ali_HeatingTable/ali_HeatingTable.c **** 	_data[5] = M_ATTR_ONOFF&0xff;
  72              		.loc 1 51 0
  73 0024 4271     		strb	r2, [r0, #5]
  52:../../../mesh/app/ali_HeatingTable/ali_HeatingTable.c **** 	_data[6] = M_ATTR_ONOFF>>8;
  74              		.loc 1 52 0
  75 0026 8371     		strb	r3, [r0, #6]
  53:../../../mesh/app/ali_HeatingTable/ali_HeatingTable.c **** 	_data[7] = on;
  76              		.loc 1 53 0
  77 0028 C571     		strb	r5, [r0, #7]
  54:../../../mesh/app/ali_HeatingTable/ali_HeatingTable.c **** 	protocol_send(_data, _len);
  78              		.loc 1 54 0
  79 002a 0821     		movs	r1, #8
  80 002c FFF7FEFF 		bl	protocol_send
  81              	.LVL4:
  55:../../../mesh/app/ali_HeatingTable/ali_HeatingTable.c **** 	free(_data);
  82              		.loc 1 55 0
  83 0030 2000     		movs	r0, r4
  84 0032 FFF7FEFF 		bl	free
  85              	.LVL5:
  86              	.L1:
  56:../../../mesh/app/ali_HeatingTable/ali_HeatingTable.c **** }
  87              		.loc 1 56 0
  88              		@ sp needed
  89              	.LVL6:
  90 0036 70BD     		pop	{r4, r5, r6, pc}
  91              	.L8:
  92              		.align	2
  93              	.L7:
  94 0038 00000000 		.word	emmTid
  95              		.cfi_endproc
  96              	.LFE86:
  98              		.align	1
  99              		.code	16
 100              		.thumb_func
 102              	_cw_get_on_off:
 103              	.LFB87:
  57:../../../mesh/app/ali_HeatingTable/ali_HeatingTable.c **** static uint8_t _cw_get_on_off(void)
  58:../../../mesh/app/ali_HeatingTable/ali_HeatingTable.c **** {
 104              		.loc 1 58 0
 105              		.cfi_startproc
 106              		@ args = 0, pretend = 0, frame = 0
 107              		@ frame_needed = 0, uses_anonymous_args = 0
 108              		@ link register save eliminated.
  59:../../../mesh/app/ali_HeatingTable/ali_HeatingTable.c **** 	return pstHeatTable->onOff;
 109              		.loc 1 59 0
 110 003c 024B     		ldr	r3, .L10
  60:../../../mesh/app/ali_HeatingTable/ali_HeatingTable.c **** }
 111              		.loc 1 60 0
 112              		@ sp needed
  59:../../../mesh/app/ali_HeatingTable/ali_HeatingTable.c **** 	return pstHeatTable->onOff;
 113              		.loc 1 59 0
 114 003e 1B68     		ldr	r3, [r3]
 115 0040 4F33     		adds	r3, r3, #79
 116 0042 1878     		ldrb	r0, [r3]
 117              		.loc 1 60 0
 118 0044 7047     		bx	lr
 119              	.L11:
 120 0046 C046     		.align	2
 121              	.L10:
 122 0048 00000000 		.word	.LANCHOR0
 123              		.cfi_endproc
 124              	.LFE87:
 126              		.global	__aeabi_idiv
 127              		.align	1
 128              		.code	16
 129              		.thumb_func
 131              	_ready_to_indicate:
 132              	.LFB88:
  61:../../../mesh/app/ali_HeatingTable/ali_HeatingTable.c **** 
  62:../../../mesh/app/ali_HeatingTable/ali_HeatingTable.c **** /*********************Hardware Ctrl End**********************/
  63:../../../mesh/app/ali_HeatingTable/ali_HeatingTable.c **** 
  64:../../../mesh/app/ali_HeatingTable/ali_HeatingTable.c **** static void _ready_to_indicate(bool random)
  65:../../../mesh/app/ali_HeatingTable/ali_HeatingTable.c **** {
 133              		.loc 1 65 0
 134              		.cfi_startproc
 135              		@ args = 0, pretend = 0, frame = 0
 136              		@ frame_needed = 0, uses_anonymous_args = 0
 137              	.LVL7:
  66:../../../mesh/app/ali_HeatingTable/ali_HeatingTable.c **** 	if(pstHeatTable == NULL)
 138              		.loc 1 66 0
 139 004c 0E4B     		ldr	r3, .L21
  65:../../../mesh/app/ali_HeatingTable/ali_HeatingTable.c **** 	if(pstHeatTable == NULL)
 140              		.loc 1 65 0
 141 004e 70B5     		push	{r4, r5, r6, lr}
 142              	.LCFI1:
 143              		.cfi_def_cfa_offset 16
 144              		.cfi_offset 4, -16
 145              		.cfi_offset 5, -12
 146              		.cfi_offset 6, -8
 147              		.cfi_offset 14, -4
 148              		.loc 1 66 0
 149 0050 1A68     		ldr	r2, [r3]
 150 0052 1D00     		movs	r5, r3
 151 0054 002A     		cmp	r2, #0
 152 0056 16D0     		beq	.L12
 153              	.LVL8:
  67:../../../mesh/app/ali_HeatingTable/ali_HeatingTable.c **** 		return;
  68:../../../mesh/app/ali_HeatingTable/ali_HeatingTable.c **** 	
  69:../../../mesh/app/ali_HeatingTable/ali_HeatingTable.c **** 	uint32_t delay_time = M_ALIS_INDICATION_PERIOD;
  70:../../../mesh/app/ali_HeatingTable/ali_HeatingTable.c **** 	
  71:../../../mesh/app/ali_HeatingTable/ali_HeatingTable.c **** 	if(random){
 154              		.loc 1 71 0
 155 0058 0028     		cmp	r0, #0
 156 005a 03D0     		beq	.L17
  72:../../../mesh/app/ali_HeatingTable/ali_HeatingTable.c **** 		delay_time = bc_mm_alis_get_random_time();
 157              		.loc 1 72 0
 158 005c FFF7FEFF 		bl	bc_mm_alis_get_random_time
 159              	.LVL9:
 160 0060 0400     		movs	r4, r0
 161              	.LVL10:
 162 0062 00E0     		b	.L15
 163              	.LVL11:
 164              	.L17:
  69:../../../mesh/app/ali_HeatingTable/ali_HeatingTable.c **** 	
 165              		.loc 1 69 0
 166 0064 094C     		ldr	r4, .L21+4
 167              	.LVL12:
 168              	.L15:
  73:../../../mesh/app/ali_HeatingTable/ali_HeatingTable.c **** 	}
  74:../../../mesh/app/ali_HeatingTable/ali_HeatingTable.c **** 	
  75:../../../mesh/app/ali_HeatingTable/ali_HeatingTable.c **** 	//if bound
  76:../../../mesh/app/ali_HeatingTable/ali_HeatingTable.c **** 	if(ali_heating_table_prov_state_get()){
 169              		.loc 1 76 0
 170 0066 FFF7FEFF 		bl	ali_heating_table_prov_state_get
 171              	.LVL13:
 172 006a 0028     		cmp	r0, #0
 173 006c 0BD0     		beq	.L12
  77:../../../mesh/app/ali_HeatingTable/ali_HeatingTable.c **** 		SYS_SetTimer(&pstHeatTable->periodIndTimer, (int)delay_time/10, 
 174              		.loc 1 77 0
 175 006e 0A21     		movs	r1, #10
 176 0070 2000     		movs	r0, r4
 177 0072 FFF7FEFF 		bl	__aeabi_idiv
 178              	.LVL14:
 179 0076 2B68     		ldr	r3, [r5]
 180 0078 0100     		movs	r1, r0
 181 007a 3433     		adds	r3, r3, #52
 182 007c 1800     		movs	r0, r3
 183 007e 0022     		movs	r2, #0
 184 0080 034B     		ldr	r3, .L21+8
 185 0082 FFF7FEFF 		bl	SYS_SetTimer
 186              	.LVL15:
 187              	.L12:
  78:../../../mesh/app/ali_HeatingTable/ali_HeatingTable.c **** 					TIMER_SINGLE, (Timer_Expire_CB)_period_ind_timer_cb);
  79:../../../mesh/app/ali_HeatingTable/ali_HeatingTable.c **** 	}
  80:../../../mesh/app/ali_HeatingTable/ali_HeatingTable.c **** }
 188              		.loc 1 80 0
 189              		@ sp needed
 190 0086 70BD     		pop	{r4, r5, r6, pc}
 191              	.L22:
 192              		.align	2
 193              	.L21:
 194 0088 00000000 		.word	.LANCHOR0
 195 008c 20BF0200 		.word	180000
 196 0090 00000000 		.word	_period_ind_timer_cb
 197              		.cfi_endproc
 198              	.LFE88:
 200              		.align	1
 201              		.code	16
 202              		.thumb_func
 204              	_bind_timer_cb:
 205              	.LFB89:
  81:../../../mesh/app/ali_HeatingTable/ali_HeatingTable.c **** 
  82:../../../mesh/app/ali_HeatingTable/ali_HeatingTable.c **** static void _bind_timer_cb(void* param)
  83:../../../mesh/app/ali_HeatingTable/ali_HeatingTable.c **** {
 206              		.loc 1 83 0
 207              		.cfi_startproc
 208              		@ args = 0, pretend = 0, frame = 8
 209              		@ frame_needed = 0, uses_anonymous_args = 0
 210              	.LVL16:
 211 0094 F0B5     		push	{r4, r5, r6, r7, lr}
 212              	.LCFI2:
 213              		.cfi_def_cfa_offset 20
 214              		.cfi_offset 4, -20
 215              		.cfi_offset 5, -16
 216              		.cfi_offset 6, -12
 217              		.cfi_offset 7, -8
 218              		.cfi_offset 14, -4
  84:../../../mesh/app/ali_HeatingTable/ali_HeatingTable.c **** 	uint16_t status;
  85:../../../mesh/app/ali_HeatingTable/ali_HeatingTable.c **** 
  86:../../../mesh/app/ali_HeatingTable/ali_HeatingTable.c **** 	if(!pstHeatTable->provState){
 219              		.loc 1 86 0
 220 0096 4E4E     		ldr	r6, .L41
  83:../../../mesh/app/ali_HeatingTable/ali_HeatingTable.c **** 	uint16_t status;
 221              		.loc 1 83 0
 222 0098 87B0     		sub	sp, sp, #28
 223              	.LCFI3:
 224              		.cfi_def_cfa_offset 48
 225              		.loc 1 86 0
 226 009a 3468     		ldr	r4, [r6]
 227 009c 6578     		ldrb	r5, [r4, #1]
 228 009e 002D     		cmp	r5, #0
 229 00a0 0FD1     		bne	.L24
  87:../../../mesh/app/ali_HeatingTable/ali_HeatingTable.c **** 		pstHeatTable->provState = 1;
 230              		.loc 1 87 0
 231 00a2 0127     		movs	r7, #1
  88:../../../mesh/app/ali_HeatingTable/ali_HeatingTable.c **** 		pstHeatTable->saveCfgCrc = bc_sys_check_sum((uint8_t*)pstHeatTable, ALI_HEATING_TABLE_SAVE_LEN-1)
 232              		.loc 1 88 0
 233 00a4 0321     		movs	r1, #3
  87:../../../mesh/app/ali_HeatingTable/ali_HeatingTable.c **** 		pstHeatTable->provState = 1;
 234              		.loc 1 87 0
 235 00a6 6770     		strb	r7, [r4, #1]
 236              		.loc 1 88 0
 237 00a8 2000     		movs	r0, r4
 238              	.LVL17:
 239 00aa FFF7FEFF 		bl	bc_sys_check_sum
 240              	.LVL18:
  89:../../../mesh/app/ali_HeatingTable/ali_HeatingTable.c **** 		bc_flash_erase(FLASH_ALI_START_ADDRRESS, 1);
 241              		.loc 1 89 0
 242 00ae 3900     		movs	r1, r7
  88:../../../mesh/app/ali_HeatingTable/ali_HeatingTable.c **** 		pstHeatTable->saveCfgCrc = bc_sys_check_sum((uint8_t*)pstHeatTable, ALI_HEATING_TABLE_SAVE_LEN-1)
 243              		.loc 1 88 0
 244 00b0 E070     		strb	r0, [r4, #3]
 245              		.loc 1 89 0
 246 00b2 2800     		movs	r0, r5
 247 00b4 FFF7FEFF 		bl	bc_flash_erase
 248              	.LVL19:
  90:../../../mesh/app/ali_HeatingTable/ali_HeatingTable.c **** 		bc_flash_write(FLASH_ALI_START_ADDRRESS, ALI_HEATING_TABLE_SAVE_LEN,(uint8_t*)pstHeatTable);
 249              		.loc 1 90 0
 250 00b8 3268     		ldr	r2, [r6]
 251 00ba 0421     		movs	r1, #4
 252 00bc 2800     		movs	r0, r5
 253 00be FFF7FEFF 		bl	bc_flash_write
 254              	.LVL20:
 255              	.L24:
  91:../../../mesh/app/ali_HeatingTable/ali_HeatingTable.c **** 	}
  92:../../../mesh/app/ali_HeatingTable/ali_HeatingTable.c **** 	//model bind
  93:../../../mesh/app/ali_HeatingTable/ali_HeatingTable.c **** 	m_lid_t app_key_lid = 0;
 256              		.loc 1 93 0
 257 00c2 1725     		movs	r5, #23
 258 00c4 0020     		movs	r0, #0
 259 00c6 6D44     		add	r5, r5, sp
  94:../../../mesh/app/ali_HeatingTable/ali_HeatingTable.c **** 	status = bc_m_key_app_find(0, &app_key_lid);
 260              		.loc 1 94 0
 261 00c8 2900     		movs	r1, r5
  93:../../../mesh/app/ali_HeatingTable/ali_HeatingTable.c **** 	status = bc_m_key_app_find(0, &app_key_lid);
 262              		.loc 1 93 0
 263 00ca 2870     		strb	r0, [r5]
 264              		.loc 1 94 0
 265 00cc FFF7FEFF 		bl	bc_m_key_app_find
 266              	.LVL21:
 267 00d0 041E     		subs	r4, r0, #0
  95:../../../mesh/app/ali_HeatingTable/ali_HeatingTable.c **** 	if (status != M_ERR_NO_ERROR){
 268              		.loc 1 95 0
 269 00d2 27D0     		beq	.L26
  96:../../../mesh/app/ali_HeatingTable/ali_HeatingTable.c **** 		M_PRINTF(L_FND, "m_tb_key_app_find error");
 270              		.loc 1 96 0
 271 00d4 3F4B     		ldr	r3, .L41+4
 272 00d6 1B68     		ldr	r3, [r3]
 273 00d8 1B05     		lsls	r3, r3, #20
 274 00da 76D5     		bpl	.L23
 275              		.loc 1 96 0 is_stmt 0 discriminator 5
 276 00dc 3E4C     		ldr	r4, .L41+8
 277 00de 2300     		movs	r3, r4
 278 00e0 2200     		movs	r2, r4
 279 00e2 2000     		movs	r0, r4
 280              	.LVL22:
 281 00e4 4E33     		adds	r3, r3, #78
 282 00e6 2100     		movs	r1, r4
 283 00e8 2C32     		adds	r2, r2, #44
 284 00ea 0093     		str	r3, [sp]
 285 00ec 3F30     		adds	r0, r0, #63
 286 00ee 6023     		movs	r3, #96
 287 00f0 FFF7FEFF 		bl	m_print
 288              	.LVL23:
 289 00f4 2000     		movs	r0, r4
 290 00f6 5D30     		adds	r0, r0, #93
 291 00f8 FFF7FEFF 		bl	m_print
 292              	.LVL24:
 293 00fc 2000     		movs	r0, r4
 294 00fe A11D     		adds	r1, r4, #6
 295 0100 7530     		adds	r0, r0, #117
 296 0102 FFF7FEFF 		bl	m_print
 297              	.LVL25:
 298 0106 60E0     		b	.L23
 299              	.LVL26:
 300              	.L29:
 301 0108 2301     		lsls	r3, r4, #4
 302 010a FF18     		adds	r7, r7, r3
 303              	.LVL27:
 304              	.LBB7:
 305              	.LBB8:
  97:../../../mesh/app/ali_HeatingTable/ali_HeatingTable.c **** 		return;
  98:../../../mesh/app/ali_HeatingTable/ali_HeatingTable.c **** 	}
  99:../../../mesh/app/ali_HeatingTable/ali_HeatingTable.c **** 	for(uint8_t i = 0; i < pstHeatTable->model_cnt; ++i){
 100:../../../mesh/app/ali_HeatingTable/ali_HeatingTable.c **** 		mesh_model_t* t = &pstHeatTable->model[i];
 101:../../../mesh/app/ali_HeatingTable/ali_HeatingTable.c **** 		status = bc_m_key_model_bind(app_key_lid, t->lid);
 306              		.loc 1 101 0 is_stmt 1
 307 010c 5537     		adds	r7, r7, #85
 308 010e 3978     		ldrb	r1, [r7]
 309 0110 2878     		ldrb	r0, [r5]
 310 0112 FFF7FEFF 		bl	bc_m_key_model_bind
 311              	.LVL28:
 102:../../../mesh/app/ali_HeatingTable/ali_HeatingTable.c **** 		if (status == M_ERR_NO_ERROR){
 312              		.loc 1 102 0
 313 0116 0028     		cmp	r0, #0
 314 0118 02D1     		bne	.L28
 103:../../../mesh/app/ali_HeatingTable/ali_HeatingTable.c **** 			// Inform the Model IO manager
 104:../../../mesh/app/ali_HeatingTable/ali_HeatingTable.c **** 			bc_m_mio_bind(t->lid);
 315              		.loc 1 104 0
 316 011a 3878     		ldrb	r0, [r7]
 317              	.LVL29:
 318 011c FFF7FEFF 		bl	bc_m_mio_bind
 319              	.LVL30:
 320              	.L28:
 321              	.LBE8:
  99:../../../mesh/app/ali_HeatingTable/ali_HeatingTable.c **** 		mesh_model_t* t = &pstHeatTable->model[i];
 322              		.loc 1 99 0 discriminator 2
 323 0120 0134     		adds	r4, r4, #1
 324              	.LVL31:
 325 0122 E4B2     		uxtb	r4, r4
 326              	.LVL32:
 327              	.L26:
  99:../../../mesh/app/ali_HeatingTable/ali_HeatingTable.c **** 		mesh_model_t* t = &pstHeatTable->model[i];
 328              		.loc 1 99 0 is_stmt 0 discriminator 1
 329 0124 3768     		ldr	r7, [r6]
 330 0126 3B00     		movs	r3, r7
 331 0128 4E33     		adds	r3, r3, #78
 332 012a 1B78     		ldrb	r3, [r3]
 333 012c A342     		cmp	r3, r4
 334 012e EBD8     		bhi	.L29
 335 0130 0027     		movs	r7, #0
 336              	.LVL33:
 337              	.L30:
 338              	.LBE7:
 339              	.LBB9:
 105:../../../mesh/app/ali_HeatingTable/ali_HeatingTable.c **** 		}
 106:../../../mesh/app/ali_HeatingTable/ali_HeatingTable.c **** 	}
 107:../../../mesh/app/ali_HeatingTable/ali_HeatingTable.c **** 	
 108:../../../mesh/app/ali_HeatingTable/ali_HeatingTable.c **** 	//model subscription
 109:../../../mesh/app/ali_HeatingTable/ali_HeatingTable.c **** 	// Add address to the subscription list
 110:../../../mesh/app/ali_HeatingTable/ali_HeatingTable.c **** 	//model bond 0xC000，0xCFFF。
 111:../../../mesh/app/ali_HeatingTable/ali_HeatingTable.c **** 	for(uint8_t i = 0; i < pstHeatTable->model_cnt; ++i){
 340              		.loc 1 111 0 is_stmt 1 discriminator 1
 341 0132 3468     		ldr	r4, [r6]
 342 0134 2300     		movs	r3, r4
 343 0136 4E33     		adds	r3, r3, #78
 344 0138 1B78     		ldrb	r3, [r3]
 345 013a 9F42     		cmp	r7, r3
 346 013c 0DD2     		bcs	.L40
 347              	.LVL34:
 348 013e 3B01     		lsls	r3, r7, #4
 349 0140 E418     		adds	r4, r4, r3
 350              	.LVL35:
 351              	.LBB10:
 112:../../../mesh/app/ali_HeatingTable/ali_HeatingTable.c **** 		mesh_model_t* t = &pstHeatTable->model[i];
 113:../../../mesh/app/ali_HeatingTable/ali_HeatingTable.c **** 		//status = bc_m_mio_add_subscription(t->lid, 0xF000);
 114:../../../mesh/app/ali_HeatingTable/ali_HeatingTable.c **** 		bc_m_mio_add_subscription(t->lid, ALI_GROUP_ADDRESS_HEAT_TABLE);
 352              		.loc 1 114 0 discriminator 3
 353 0142 5534     		adds	r4, r4, #85
 354 0144 2549     		ldr	r1, .L41+12
 355 0146 2078     		ldrb	r0, [r4]
 356 0148 FFF7FEFF 		bl	bc_m_mio_add_subscription
 357              	.LVL36:
 358              	.LBE10:
 111:../../../mesh/app/ali_HeatingTable/ali_HeatingTable.c **** 		mesh_model_t* t = &pstHeatTable->model[i];
 359              		.loc 1 111 0 discriminator 3
 360 014c 0137     		adds	r7, r7, #1
 361              	.LVL37:
 362              	.LBB11:
 115:../../../mesh/app/ali_HeatingTable/ali_HeatingTable.c **** 		bc_m_mio_add_subscription(t->lid, 0xCFFF);
 363              		.loc 1 115 0 discriminator 3
 364 014e 2078     		ldrb	r0, [r4]
 365 0150 2349     		ldr	r1, .L41+16
 366 0152 FFF7FEFF 		bl	bc_m_mio_add_subscription
 367              	.LVL38:
 368              	.LBE11:
 111:../../../mesh/app/ali_HeatingTable/ali_HeatingTable.c **** 		mesh_model_t* t = &pstHeatTable->model[i];
 369              		.loc 1 111 0 discriminator 3
 370 0156 FFB2     		uxtb	r7, r7
 371              	.LVL39:
 372 0158 EBE7     		b	.L30
 373              	.L40:
 374              	.LVL40:
 375              	.LBE9:
 116:../../../mesh/app/ali_HeatingTable/ali_HeatingTable.c **** 		
 117:../../../mesh/app/ali_HeatingTable/ali_HeatingTable.c **** 	}
 118:../../../mesh/app/ali_HeatingTable/ali_HeatingTable.c **** 	mesh_model_t* t = &pstHeatTable->model[pstHeatTable->model_cnt-1];
 119:../../../mesh/app/ali_HeatingTable/ali_HeatingTable.c **** 	bc_m_mio_add_subscription(t->lid, M_ALI_VENDER_ADDR);
 376              		.loc 1 119 0
 377 015a F021     		movs	r1, #240
 378 015c 1B01     		lsls	r3, r3, #4
 379              	.LVL41:
 380 015e E418     		adds	r4, r4, r3
 381              	.LVL42:
 382 0160 4534     		adds	r4, r4, #69
 383 0162 0902     		lsls	r1, r1, #8
 384 0164 2078     		ldrb	r0, [r4]
 385 0166 FFF7FEFF 		bl	bc_m_mio_add_subscription
 386              	.LVL43:
 120:../../../mesh/app/ali_HeatingTable/ali_HeatingTable.c **** 
 121:../../../mesh/app/ali_HeatingTable/ali_HeatingTable.c **** 	// Set publication parameters
 122:../../../mesh/app/ali_HeatingTable/ali_HeatingTable.c ****     status = bc_m_mio_set_publi_param(t->lid, M_ALI_VENDER_ADDR, NULL,
 387              		.loc 1 122 0
 388 016a 8221     		movs	r1, #130
 389 016c 2B78     		ldrb	r3, [r5]
 390 016e 2078     		ldrb	r0, [r4]
 391 0170 0291     		str	r1, [sp, #8]
 392 0172 5A39     		subs	r1, r1, #90
 393 0174 0191     		str	r1, [sp, #4]
 394 0176 2239     		subs	r1, r1, #34
 395 0178 0022     		movs	r2, #0
 396 017a 0091     		str	r1, [sp]
 397 017c F021     		movs	r1, #240
 398 017e 0392     		str	r2, [sp, #12]
 399 0180 0902     		lsls	r1, r1, #8
 400 0182 FFF7FEFF 		bl	bc_m_mio_set_publi_param
 401              	.LVL44:
 123:../../../mesh/app/ali_HeatingTable/ali_HeatingTable.c ****                                       app_key_lid, M_ALI_PUBLISH_TTL, M_ALI_PUBLISH_PERIOD,
 124:../../../mesh/app/ali_HeatingTable/ali_HeatingTable.c ****                                      M_ALI_PUBLISH_RETX, 0);
 125:../../../mesh/app/ali_HeatingTable/ali_HeatingTable.c **** 	M_PRINTF(L_APP, "t->lid[%x] pstHeatTable->model_cnt[%x] status[%x]",t->lid, pstHeatTable->model_cn
 402              		.loc 1 125 0
 403 0186 134B     		ldr	r3, .L41+4
 122:../../../mesh/app/ali_HeatingTable/ali_HeatingTable.c ****                                       app_key_lid, M_ALI_PUBLISH_TTL, M_ALI_PUBLISH_PERIOD,
 404              		.loc 1 122 0
 405 0188 0700     		movs	r7, r0
 406              	.LVL45:
 407              		.loc 1 125 0
 408 018a 1B68     		ldr	r3, [r3]
 409 018c 9B04     		lsls	r3, r3, #18
 410 018e 19D5     		bpl	.L32
 411              		.loc 1 125 0 is_stmt 0 discriminator 5
 412 0190 114D     		ldr	r5, .L41+8
 413 0192 2B00     		movs	r3, r5
 414 0194 2A00     		movs	r2, r5
 415 0196 2800     		movs	r0, r5
 416 0198 4E33     		adds	r3, r3, #78
 417 019a 2C32     		adds	r2, r2, #44
 418 019c 0093     		str	r3, [sp]
 419 019e 2900     		movs	r1, r5
 420 01a0 7D23     		movs	r3, #125
 421 01a2 3F30     		adds	r0, r0, #63
 422 01a4 FFF7FEFF 		bl	m_print
 423              	.LVL46:
 424 01a8 2800     		movs	r0, r5
 425 01aa 3368     		ldr	r3, [r6]
 426 01ac 2178     		ldrb	r1, [r4]
 427 01ae 4E33     		adds	r3, r3, #78
 428 01b0 1A78     		ldrb	r2, [r3]
 429 01b2 7830     		adds	r0, r0, #120
 430 01b4 3B00     		movs	r3, r7
 431 01b6 FFF7FEFF 		bl	m_print
 432              	.LVL47:
 433 01ba 2800     		movs	r0, r5
 434 01bc A91D     		adds	r1, r5, #6
 435 01be 7530     		adds	r0, r0, #117
 436 01c0 FFF7FEFF 		bl	m_print
 437              	.LVL48:
 438              	.L32:
 126:../../../mesh/app/ali_HeatingTable/ali_HeatingTable.c **** 	
 127:../../../mesh/app/ali_HeatingTable/ali_HeatingTable.c **** 	_ready_to_indicate(true);
 439              		.loc 1 127 0 is_stmt 1
 440 01c4 0120     		movs	r0, #1
 441 01c6 FFF741FF 		bl	_ready_to_indicate
 442              	.LVL49:
 443              	.L23:
 128:../../../mesh/app/ali_HeatingTable/ali_HeatingTable.c **** }
 444              		.loc 1 128 0
 445 01ca 07B0     		add	sp, sp, #28
 446              		@ sp needed
 447 01cc F0BD     		pop	{r4, r5, r6, r7, pc}
 448              	.L42:
 449 01ce C046     		.align	2
 450              	.L41:
 451 01d0 00000000 		.word	.LANCHOR0
 452 01d4 00000000 		.word	L_LEV
 453 01d8 00000000 		.word	.LANCHOR1
 454 01dc A5C10000 		.word	49573
 455 01e0 FFCF0000 		.word	53247
 456              		.cfi_endproc
 457              	.LFE89:
 459              		.align	1
 460              		.code	16
 461              		.thumb_func
 463              	_period_ind_timer_cb:
 464              	.LFB90:
 129:../../../mesh/app/ali_HeatingTable/ali_HeatingTable.c **** 
 130:../../../mesh/app/ali_HeatingTable/ali_HeatingTable.c **** static void _period_ind_timer_cb(void* param)
 131:../../../mesh/app/ali_HeatingTable/ali_HeatingTable.c **** {
 465              		.loc 1 131 0
 466              		.cfi_startproc
 467              		@ args = 0, pretend = 0, frame = 16
 468              		@ frame_needed = 0, uses_anonymous_args = 0
 469              	.LVL50:
 470 01e4 30B5     		push	{r4, r5, lr}
 471              	.LCFI4:
 472              		.cfi_def_cfa_offset 12
 473              		.cfi_offset 4, -12
 474              		.cfi_offset 5, -8
 475              		.cfi_offset 14, -4
 476              	.LBB12:
 477              	.LBB13:
  59:../../../mesh/app/ali_HeatingTable/ali_HeatingTable.c **** }
 478              		.loc 1 59 0
 479 01e6 114C     		ldr	r4, .L44
 480              	.LBE13:
 481              	.LBE12:
 482              		.loc 1 131 0
 483 01e8 85B0     		sub	sp, sp, #20
 484              	.LCFI5:
 485              		.cfi_def_cfa_offset 32
 486              	.LBB16:
 487              	.LBB14:
  59:../../../mesh/app/ali_HeatingTable/ali_HeatingTable.c **** }
 488              		.loc 1 59 0
 489 01ea 2368     		ldr	r3, [r4]
 490              	.LBE14:
 491              	.LBE16:
 132:../../../mesh/app/ali_HeatingTable/ali_HeatingTable.c **** 	uint8_t data[11];
 133:../../../mesh/app/ali_HeatingTable/ali_HeatingTable.c **** 	int len = 0;
 134:../../../mesh/app/ali_HeatingTable/ali_HeatingTable.c **** 	len += bc_mm_alis_set_onoff_status(&data[0]+len, _cw_get_on_off());
 492              		.loc 1 134 0
 493 01ec 01A8     		add	r0, sp, #4
 494              	.LVL51:
 495              	.LBB17:
 496              	.LBB15:
  59:../../../mesh/app/ali_HeatingTable/ali_HeatingTable.c **** }
 497              		.loc 1 59 0
 498 01ee 4F33     		adds	r3, r3, #79
 499              	.LBE15:
 500              	.LBE17:
 501              		.loc 1 134 0
 502 01f0 1978     		ldrb	r1, [r3]
 503 01f2 4B1E     		subs	r3, r1, #1
 504 01f4 9941     		sbcs	r1, r1, r3
 505 01f6 C9B2     		uxtb	r1, r1
 506 01f8 FFF7FEFF 		bl	bc_mm_alis_set_onoff_status
 507              	.LVL52:
 508 01fc 0500     		movs	r5, r0
 509              	.LVL53:
 135:../../../mesh/app/ali_HeatingTable/ali_HeatingTable.c **** 	m_printf_hex(L_APP, "_period_ind_timer_cb", data, len);
 510              		.loc 1 135 0
 511 01fe 0300     		movs	r3, r0
 512 0200 8020     		movs	r0, #128
 513              	.LVL54:
 514 0202 0B49     		ldr	r1, .L44+4
 515 0204 01AA     		add	r2, sp, #4
 516 0206 2A31     		adds	r1, r1, #42
 517 0208 8001     		lsls	r0, r0, #6
 518 020a FFF7FEFF 		bl	m_printf_hex
 519              	.LVL55:
 136:../../../mesh/app/ali_HeatingTable/ali_HeatingTable.c **** 	bc_mm_alis_send_indication(pstHeatTable->model[1].lid, data, len);
 520              		.loc 1 136 0
 521 020e 2368     		ldr	r3, [r4]
 522 0210 2A00     		movs	r2, r5
 523 0212 6533     		adds	r3, r3, #101
 524 0214 1878     		ldrb	r0, [r3]
 525 0216 01A9     		add	r1, sp, #4
 526 0218 FFF7FEFF 		bl	bc_mm_alis_send_indication
 527              	.LVL56:
 137:../../../mesh/app/ali_HeatingTable/ali_HeatingTable.c **** 	
 138:../../../mesh/app/ali_HeatingTable/ali_HeatingTable.c **** 	_ready_to_indicate(false);
 528              		.loc 1 138 0
 529 021c 0020     		movs	r0, #0
 530 021e FFF715FF 		bl	_ready_to_indicate
 531              	.LVL57:
 139:../../../mesh/app/ali_HeatingTable/ali_HeatingTable.c **** 	bc_m_ali_save_seq_iv();
 532              		.loc 1 139 0
 533 0222 FFF7FEFF 		bl	bc_m_ali_save_seq_iv
 534              	.LVL58:
 140:../../../mesh/app/ali_HeatingTable/ali_HeatingTable.c **** }
 535              		.loc 1 140 0
 536 0226 05B0     		add	sp, sp, #20
 537              		@ sp needed
 538              	.LVL59:
 539 0228 30BD     		pop	{r4, r5, pc}
 540              	.L45:
 541 022a C046     		.align	2
 542              	.L44:
 543 022c 00000000 		.word	.LANCHOR0
 544 0230 80000000 		.word	.LANCHOR2
 545              		.cfi_endproc
 546              	.LFE90:
 548              		.align	1
 549              		.code	16
 550              		.thumb_func
 552              	_quick_restore_timer_cb:
 553              	.LFB91:
 141:../../../mesh/app/ali_HeatingTable/ali_HeatingTable.c **** 
 142:../../../mesh/app/ali_HeatingTable/ali_HeatingTable.c **** static void _quick_restore_timer_cb(void *t)
 143:../../../mesh/app/ali_HeatingTable/ali_HeatingTable.c **** {
 554              		.loc 1 143 0
 555              		.cfi_startproc
 556              		@ args = 0, pretend = 0, frame = 0
 557              		@ frame_needed = 0, uses_anonymous_args = 0
 558              	.LVL60:
 144:../../../mesh/app/ali_HeatingTable/ali_HeatingTable.c **** 	M_PRINTF(L_APP, "");
 559              		.loc 1 144 0
 560 0234 164B     		ldr	r3, .L51
 143:../../../mesh/app/ali_HeatingTable/ali_HeatingTable.c **** 	M_PRINTF(L_APP, "");
 561              		.loc 1 143 0
 562 0236 73B5     		push	{r0, r1, r4, r5, r6, lr}
 563              	.LCFI6:
 564              		.cfi_def_cfa_offset 24
 565              		.cfi_offset 0, -24
 566              		.cfi_offset 1, -20
 567              		.cfi_offset 4, -16
 568              		.cfi_offset 5, -12
 569              		.cfi_offset 6, -8
 570              		.cfi_offset 14, -4
 571              		.loc 1 144 0
 572 0238 1B68     		ldr	r3, [r3]
 573 023a 9B04     		lsls	r3, r3, #18
 574 023c 15D5     		bpl	.L47
 575              		.loc 1 144 0 is_stmt 0 discriminator 5
 576 023e 154D     		ldr	r5, .L51+4
 577 0240 154C     		ldr	r4, .L51+8
 578 0242 2B00     		movs	r3, r5
 579 0244 2200     		movs	r2, r4
 580 0246 2000     		movs	r0, r4
 581              	.LVL61:
 582 0248 3F33     		adds	r3, r3, #63
 583 024a 2100     		movs	r1, r4
 584 024c 2C32     		adds	r2, r2, #44
 585 024e 0093     		str	r3, [sp]
 586 0250 3F30     		adds	r0, r0, #63
 587 0252 9023     		movs	r3, #144
 588 0254 FFF7FEFF 		bl	m_print
 589              	.LVL62:
 590 0258 2800     		movs	r0, r5
 591 025a 5730     		adds	r0, r0, #87
 592 025c FFF7FEFF 		bl	m_print
 593              	.LVL63:
 594 0260 2000     		movs	r0, r4
 595 0262 A11D     		adds	r1, r4, #6
 596 0264 7530     		adds	r0, r0, #117
 597 0266 FFF7FEFF 		bl	m_print
 598              	.LVL64:
 599              	.L47:
 145:../../../mesh/app/ali_HeatingTable/ali_HeatingTable.c **** 	pstHeatTable->quickTime = 0;
 600              		.loc 1 145 0 is_stmt 1
 601 026a 0024     		movs	r4, #0
 602 026c 0B4E     		ldr	r6, .L51+12
 146:../../../mesh/app/ali_HeatingTable/ali_HeatingTable.c **** 	pstHeatTable->saveCfgCrc = bc_sys_check_sum((uint8_t*)pstHeatTable, ALI_HEATING_TABLE_SAVE_LEN-1);
 603              		.loc 1 146 0
 604 026e 0321     		movs	r1, #3
 145:../../../mesh/app/ali_HeatingTable/ali_HeatingTable.c **** 	pstHeatTable->quickTime = 0;
 605              		.loc 1 145 0
 606 0270 3568     		ldr	r5, [r6]
 147:../../../mesh/app/ali_HeatingTable/ali_HeatingTable.c **** 	bc_flash_erase(FLASH_ALI_START_ADDRRESS, 1);
 148:../../../mesh/app/ali_HeatingTable/ali_HeatingTable.c **** 	bc_flash_write(FLASH_ALI_START_ADDRRESS, ALI_HEATING_TABLE_SAVE_LEN,(uint8_t*)pstHeatTable);
 149:../../../mesh/app/ali_HeatingTable/ali_HeatingTable.c **** }
 607              		.loc 1 149 0
 608              		@ sp needed
 145:../../../mesh/app/ali_HeatingTable/ali_HeatingTable.c **** 	pstHeatTable->saveCfgCrc = bc_sys_check_sum((uint8_t*)pstHeatTable, ALI_HEATING_TABLE_SAVE_LEN-1);
 609              		.loc 1 145 0
 610 0272 2C70     		strb	r4, [r5]
 146:../../../mesh/app/ali_HeatingTable/ali_HeatingTable.c **** 	pstHeatTable->saveCfgCrc = bc_sys_check_sum((uint8_t*)pstHeatTable, ALI_HEATING_TABLE_SAVE_LEN-1);
 611              		.loc 1 146 0
 612 0274 2800     		movs	r0, r5
 613 0276 FFF7FEFF 		bl	bc_sys_check_sum
 614              	.LVL65:
 147:../../../mesh/app/ali_HeatingTable/ali_HeatingTable.c **** 	bc_flash_erase(FLASH_ALI_START_ADDRRESS, 1);
 615              		.loc 1 147 0
 616 027a 0121     		movs	r1, #1
 146:../../../mesh/app/ali_HeatingTable/ali_HeatingTable.c **** 	pstHeatTable->saveCfgCrc = bc_sys_check_sum((uint8_t*)pstHeatTable, ALI_HEATING_TABLE_SAVE_LEN-1);
 617              		.loc 1 146 0
 618 027c E870     		strb	r0, [r5, #3]
 147:../../../mesh/app/ali_HeatingTable/ali_HeatingTable.c **** 	bc_flash_erase(FLASH_ALI_START_ADDRRESS, 1);
 619              		.loc 1 147 0
 620 027e 2000     		movs	r0, r4
 621 0280 FFF7FEFF 		bl	bc_flash_erase
 622              	.LVL66:
 148:../../../mesh/app/ali_HeatingTable/ali_HeatingTable.c **** }
 623              		.loc 1 148 0
 624 0284 3268     		ldr	r2, [r6]
 625 0286 0421     		movs	r1, #4
 626 0288 2000     		movs	r0, r4
 627 028a FFF7FEFF 		bl	bc_flash_write
 628              	.LVL67:
 629              		.loc 1 149 0
 630 028e 73BD     		pop	{r0, r1, r4, r5, r6, pc}
 631              	.L52:
 632              		.align	2
 633              	.L51:
 634 0290 00000000 		.word	L_LEV
 635 0294 80000000 		.word	.LANCHOR2
 636 0298 00000000 		.word	.LANCHOR1
 637 029c 00000000 		.word	.LANCHOR0
 638              		.cfi_endproc
 639              	.LFE91:
 641              		.align	1
 642              		.code	16
 643              		.thumb_func
 645              	_param_init:
 646              	.LFB93:
 150:../../../mesh/app/ali_HeatingTable/ali_HeatingTable.c **** 
 151:../../../mesh/app/ali_HeatingTable/ali_HeatingTable.c **** static uint8_t _quick_restore_init(void)
 152:../../../mesh/app/ali_HeatingTable/ali_HeatingTable.c **** {
 153:../../../mesh/app/ali_HeatingTable/ali_HeatingTable.c **** 	if(pstHeatTable->quickTime++ < ALI_QUICK_START_CNT){//0 1 2 3 4
 154:../../../mesh/app/ali_HeatingTable/ali_HeatingTable.c **** 		pstHeatTable->saveCfgCrc = bc_sys_check_sum((uint8_t*)pstHeatTable, ALI_HEATING_TABLE_SAVE_LEN-1)
 155:../../../mesh/app/ali_HeatingTable/ali_HeatingTable.c **** 		bc_flash_erase(FLASH_ALI_START_ADDRRESS, 1);
 156:../../../mesh/app/ali_HeatingTable/ali_HeatingTable.c **** 		bc_flash_write(FLASH_ALI_START_ADDRRESS, ALI_HEATING_TABLE_SAVE_LEN,(uint8_t*)pstHeatTable);
 157:../../../mesh/app/ali_HeatingTable/ali_HeatingTable.c **** 		return 0;
 158:../../../mesh/app/ali_HeatingTable/ali_HeatingTable.c **** 	}
 159:../../../mesh/app/ali_HeatingTable/ali_HeatingTable.c **** 	M_PRINTF(L_APP, "");
 160:../../../mesh/app/ali_HeatingTable/ali_HeatingTable.c **** 	//TODO: 1HZ flash 3 timers
 161:../../../mesh/app/ali_HeatingTable/ali_HeatingTable.c **** 	uint8_t i = 6;
 162:../../../mesh/app/ali_HeatingTable/ali_HeatingTable.c **** 	uint32_t t = mesh_timer_get_time();
 163:../../../mesh/app/ali_HeatingTable/ali_HeatingTable.c **** 	do{
 164:../../../mesh/app/ali_HeatingTable/ali_HeatingTable.c **** 		while(mesh_timer_get_time()-t < ALI_QUICK_BLINK_TIME){//delay 1s
 165:../../../mesh/app/ali_HeatingTable/ali_HeatingTable.c **** 			continue;
 166:../../../mesh/app/ali_HeatingTable/ali_HeatingTable.c **** 		}
 167:../../../mesh/app/ali_HeatingTable/ali_HeatingTable.c **** 		t = mesh_timer_get_time();
 168:../../../mesh/app/ali_HeatingTable/ali_HeatingTable.c **** 		led_cw_set_on_off(i%2,NULL);
 169:../../../mesh/app/ali_HeatingTable/ali_HeatingTable.c **** 		M_PRINTF(L_APP, "led status = %d", i%2);
 170:../../../mesh/app/ali_HeatingTable/ali_HeatingTable.c **** 	}while(i-->1);
 171:../../../mesh/app/ali_HeatingTable/ali_HeatingTable.c **** 	//restore flash parameter
 172:../../../mesh/app/ali_HeatingTable/ali_HeatingTable.c **** 	bc_m_clear_config();
 173:../../../mesh/app/ali_HeatingTable/ali_HeatingTable.c **** 	//clear quick count
 174:../../../mesh/app/ali_HeatingTable/ali_HeatingTable.c **** 	bc_flash_erase(FLASH_ALI_START_ADDRRESS, 1);	
 175:../../../mesh/app/ali_HeatingTable/ali_HeatingTable.c **** 	return 1;
 176:../../../mesh/app/ali_HeatingTable/ali_HeatingTable.c **** }
 177:../../../mesh/app/ali_HeatingTable/ali_HeatingTable.c **** 
 178:../../../mesh/app/ali_HeatingTable/ali_HeatingTable.c **** static uint8_t _param_init(void)
 179:../../../mesh/app/ali_HeatingTable/ali_HeatingTable.c **** {
 647              		.loc 1 179 0
 648              		.cfi_startproc
 649              		@ args = 0, pretend = 0, frame = 0
 650              		@ frame_needed = 0, uses_anonymous_args = 0
 651 02a0 F7B5     		push	{r0, r1, r2, r4, r5, r6, r7, lr}
 652              	.LCFI7:
 653              		.cfi_def_cfa_offset 32
 654              		.cfi_offset 0, -32
 655              		.cfi_offset 1, -28
 656              		.cfi_offset 2, -24
 657              		.cfi_offset 4, -20
 658              		.cfi_offset 5, -16
 659              		.cfi_offset 6, -12
 660              		.cfi_offset 7, -8
 661              		.cfi_offset 14, -4
 180:../../../mesh/app/ali_HeatingTable/ali_HeatingTable.c **** 	memset(pstHeatTable, 0, sizeof(ali_heating_table_t));
 662              		.loc 1 180 0
 663 02a2 304C     		ldr	r4, .L60
 664 02a4 9022     		movs	r2, #144
 665 02a6 2568     		ldr	r5, [r4]
 666 02a8 0021     		movs	r1, #0
 667 02aa 2800     		movs	r0, r5
 668 02ac FFF7FEFF 		bl	memset
 669              	.LVL68:
 181:../../../mesh/app/ali_HeatingTable/ali_HeatingTable.c **** 	//read saved parameter
 182:../../../mesh/app/ali_HeatingTable/ali_HeatingTable.c **** 	bc_flash_read(FLASH_ALI_START_ADDRRESS, ALI_HEATING_TABLE_SAVE_LEN,(uint8_t*)pstHeatTable);
 670              		.loc 1 182 0
 671 02b0 2A00     		movs	r2, r5
 672 02b2 0421     		movs	r1, #4
 673 02b4 0020     		movs	r0, #0
 674 02b6 FFF7FEFF 		bl	bc_flash_read
 675              	.LVL69:
 183:../../../mesh/app/ali_HeatingTable/ali_HeatingTable.c **** 	uint8_t tCrc = bc_sys_check_sum((uint8_t*)pstHeatTable, ALI_HEATING_TABLE_SAVE_LEN-1);
 676              		.loc 1 183 0
 677 02ba 0321     		movs	r1, #3
 678 02bc 2068     		ldr	r0, [r4]
 679 02be FFF7FEFF 		bl	bc_sys_check_sum
 680              	.LVL70:
 184:../../../mesh/app/ali_HeatingTable/ali_HeatingTable.c **** 	if(pstHeatTable->saveCfgCrc != tCrc){
 681              		.loc 1 184 0
 682 02c2 2568     		ldr	r5, [r4]
 683 02c4 EB78     		ldrb	r3, [r5, #3]
 684 02c6 8342     		cmp	r3, r0
 685 02c8 08D0     		beq	.L54
 185:../../../mesh/app/ali_HeatingTable/ali_HeatingTable.c **** 		memset((uint8_t*)pstHeatTable, 0, ALI_HEATING_TABLE_SAVE_LEN);
 686              		.loc 1 185 0
 687 02ca 0422     		movs	r2, #4
 688 02cc 0021     		movs	r1, #0
 689 02ce 2800     		movs	r0, r5
 690              	.LVL71:
 691 02d0 FFF7FEFF 		bl	memset
 692              	.LVL72:
 186:../../../mesh/app/ali_HeatingTable/ali_HeatingTable.c **** 		pstHeatTable->dType = ali_config_device_type_get();
 693              		.loc 1 186 0
 694 02d4 FFF7FEFF 		bl	ali_config_device_type_get
 695              	.LVL73:
 696 02d8 A870     		strb	r0, [r5, #2]
 697 02da 3EE0     		b	.L55
 698              	.LVL74:
 699              	.L54:
 187:../../../mesh/app/ali_HeatingTable/ali_HeatingTable.c **** 	}else{
 188:../../../mesh/app/ali_HeatingTable/ali_HeatingTable.c **** 		if(pstHeatTable->dType != ali_config_device_type_get()){//change device type
 700              		.loc 1 188 0
 701 02dc AD78     		ldrb	r5, [r5, #2]
 702 02de FFF7FEFF 		bl	ali_config_device_type_get
 703              	.LVL75:
 704 02e2 8542     		cmp	r5, r0
 705 02e4 39D0     		beq	.L55
 189:../../../mesh/app/ali_HeatingTable/ali_HeatingTable.c **** 			M_PRINTF(L_APP, "device type is changed [%d] to [%d]", pstHeatTable->dType, ali_config_device_ty
 706              		.loc 1 189 0
 707 02e6 204B     		ldr	r3, .L60+4
 708 02e8 1B68     		ldr	r3, [r3]
 709 02ea 9B04     		lsls	r3, r3, #18
 710 02ec 1BD5     		bpl	.L56
 711              		.loc 1 189 0 is_stmt 0 discriminator 5
 712 02ee 1F4E     		ldr	r6, .L60+8
 713 02f0 1F4D     		ldr	r5, .L60+12
 714 02f2 3300     		movs	r3, r6
 715 02f4 2A00     		movs	r2, r5
 716 02f6 2800     		movs	r0, r5
 717 02f8 5833     		adds	r3, r3, #88
 718 02fa 2C32     		adds	r2, r2, #44
 719 02fc 2900     		movs	r1, r5
 720 02fe 0093     		str	r3, [sp]
 721 0300 3F30     		adds	r0, r0, #63
 722 0302 BD23     		movs	r3, #189
 723 0304 FFF7FEFF 		bl	m_print
 724              	.LVL76:
 725 0308 2368     		ldr	r3, [r4]
 726 030a 9F78     		ldrb	r7, [r3, #2]
 727 030c FFF7FEFF 		bl	ali_config_device_type_get
 728              	.LVL77:
 729 0310 0200     		movs	r2, r0
 730 0312 3000     		movs	r0, r6
 731 0314 3900     		movs	r1, r7
 732 0316 6430     		adds	r0, r0, #100
 733 0318 FFF7FEFF 		bl	m_print
 734              	.LVL78:
 735 031c 2800     		movs	r0, r5
 736 031e A91D     		adds	r1, r5, #6
 737 0320 7530     		adds	r0, r0, #117
 738 0322 FFF7FEFF 		bl	m_print
 739              	.LVL79:
 740              	.L56:
 190:../../../mesh/app/ali_HeatingTable/ali_HeatingTable.c **** 			bc_m_clear_config();
 741              		.loc 1 190 0 is_stmt 1
 742 0326 FFF7FEFF 		bl	bc_m_clear_config
 743              	.LVL80:
 191:../../../mesh/app/ali_HeatingTable/ali_HeatingTable.c **** 			memset((uint8_t*)pstHeatTable, 0,  ALI_HEATING_TABLE_SAVE_LEN);
 744              		.loc 1 191 0
 745 032a 2568     		ldr	r5, [r4]
 746 032c 0422     		movs	r2, #4
 747 032e 0021     		movs	r1, #0
 748 0330 2800     		movs	r0, r5
 749 0332 FFF7FEFF 		bl	memset
 750              	.LVL81:
 192:../../../mesh/app/ali_HeatingTable/ali_HeatingTable.c **** 			pstHeatTable->dType = ali_config_device_type_get();
 751              		.loc 1 192 0
 752 0336 FFF7FEFF 		bl	ali_config_device_type_get
 753              	.LVL82:
 754 033a A870     		strb	r0, [r5, #2]
 193:../../../mesh/app/ali_HeatingTable/ali_HeatingTable.c **** 			pstHeatTable->saveCfgCrc = bc_sys_check_sum((uint8_t*)pstHeatTable, ALI_HEATING_TABLE_SAVE_LEN-1
 755              		.loc 1 193 0
 756 033c 2568     		ldr	r5, [r4]
 757 033e 0321     		movs	r1, #3
 758 0340 2800     		movs	r0, r5
 759 0342 FFF7FEFF 		bl	bc_sys_check_sum
 760              	.LVL83:
 194:../../../mesh/app/ali_HeatingTable/ali_HeatingTable.c **** 			bc_flash_erase(FLASH_ALI_START_ADDRRESS, 1);
 761              		.loc 1 194 0
 762 0346 0121     		movs	r1, #1
 193:../../../mesh/app/ali_HeatingTable/ali_HeatingTable.c **** 			pstHeatTable->saveCfgCrc = bc_sys_check_sum((uint8_t*)pstHeatTable, ALI_HEATING_TABLE_SAVE_LEN-1
 763              		.loc 1 193 0
 764 0348 E870     		strb	r0, [r5, #3]
 765              		.loc 1 194 0
 766 034a 0020     		movs	r0, #0
 767 034c FFF7FEFF 		bl	bc_flash_erase
 768              	.LVL84:
 195:../../../mesh/app/ali_HeatingTable/ali_HeatingTable.c **** 			bc_flash_write(FLASH_ALI_START_ADDRRESS, ALI_HEATING_TABLE_SAVE_LEN,(uint8_t*)pstHeatTable);
 769              		.loc 1 195 0
 770 0350 2268     		ldr	r2, [r4]
 771 0352 0421     		movs	r1, #4
 772 0354 0020     		movs	r0, #0
 773 0356 FFF7FEFF 		bl	bc_flash_write
 774              	.LVL85:
 775              	.L55:
 776              	.LBB18:
 777              	.LBB19:
  35:../../../mesh/app/ali_HeatingTable/ali_HeatingTable.c **** }
 778              		.loc 1 35 0
 779 035a 0020     		movs	r0, #0
 780 035c FFF7FEFF 		bl	led_cw_init
 781              	.LVL86:
 782              	.LBE19:
 783              	.LBE18:
 196:../../../mesh/app/ali_HeatingTable/ali_HeatingTable.c **** 		}
 197:../../../mesh/app/ali_HeatingTable/ali_HeatingTable.c **** 	}
 198:../../../mesh/app/ali_HeatingTable/ali_HeatingTable.c **** 
 199:../../../mesh/app/ali_HeatingTable/ali_HeatingTable.c **** 	_cw_init(NULL);
 200:../../../mesh/app/ali_HeatingTable/ali_HeatingTable.c **** 
 201:../../../mesh/app/ali_HeatingTable/ali_HeatingTable.c **** 	return 0;
 202:../../../mesh/app/ali_HeatingTable/ali_HeatingTable.c **** }
 784              		.loc 1 202 0
 785              		@ sp needed
 786 0360 0020     		movs	r0, #0
 787 0362 FEBD     		pop	{r1, r2, r3, r4, r5, r6, r7, pc}
 788              	.L61:
 789              		.align	2
 790              	.L60:
 791 0364 00000000 		.word	.LANCHOR0
 792 0368 00000000 		.word	L_LEV
 793 036c 80000000 		.word	.LANCHOR2
 794 0370 00000000 		.word	.LANCHOR1
 795              		.cfi_endproc
 796              	.LFE93:
 798              		.align	1
 799              		.global	ali_heating_table_prov_state_cb
 800              		.code	16
 801              		.thumb_func
 803              	ali_heating_table_prov_state_cb:
 804              	.LFB94:
 203:../../../mesh/app/ali_HeatingTable/ali_HeatingTable.c **** 
 204:../../../mesh/app/ali_HeatingTable/ali_HeatingTable.c **** void ali_heating_table_prov_state_cb(uint8_t state)
 205:../../../mesh/app/ali_HeatingTable/ali_HeatingTable.c **** {
 805              		.loc 1 205 0
 806              		.cfi_startproc
 807              		@ args = 0, pretend = 0, frame = 0
 808              		@ frame_needed = 0, uses_anonymous_args = 0
 809              	.LVL87:
 810 0374 10B5     		push	{r4, lr}
 811              	.LCFI8:
 812              		.cfi_def_cfa_offset 8
 813              		.cfi_offset 4, -8
 814              		.cfi_offset 14, -4
 206:../../../mesh/app/ali_HeatingTable/ali_HeatingTable.c **** #ifdef APP_FOR_ALI
 207:../../../mesh/app/ali_HeatingTable/ali_HeatingTable.c **** 	if(state == M_PROV_SUCCEED_APP){
 815              		.loc 1 207 0
 816 0376 0328     		cmp	r0, #3
 817 0378 07D1     		bne	.L62
 208:../../../mesh/app/ali_HeatingTable/ali_HeatingTable.c **** 		SYS_SetTimer(&pstHeatTable->bindDelayTimer, (int)500/10, 
 818              		.loc 1 208 0
 819 037a 044B     		ldr	r3, .L64
 820 037c 0022     		movs	r2, #0
 821 037e 1868     		ldr	r0, [r3]
 822              	.LVL88:
 823 0380 3221     		movs	r1, #50
 824 0382 1C30     		adds	r0, r0, #28
 825 0384 024B     		ldr	r3, .L64+4
 826 0386 FFF7FEFF 		bl	SYS_SetTimer
 827              	.LVL89:
 828              	.L62:
 209:../../../mesh/app/ali_HeatingTable/ali_HeatingTable.c **** 					TIMER_SINGLE, (Timer_Expire_CB)_bind_timer_cb);
 210:../../../mesh/app/ali_HeatingTable/ali_HeatingTable.c **** 		return;
 211:../../../mesh/app/ali_HeatingTable/ali_HeatingTable.c **** 	}
 212:../../../mesh/app/ali_HeatingTable/ali_HeatingTable.c **** #endif 
 213:../../../mesh/app/ali_HeatingTable/ali_HeatingTable.c **** }
 829              		.loc 1 213 0
 830              		@ sp needed
 831 038a 10BD     		pop	{r4, pc}
 832              	.L65:
 833              		.align	2
 834              	.L64:
 835 038c 00000000 		.word	.LANCHOR0
 836 0390 00000000 		.word	_bind_timer_cb
 837              		.cfi_endproc
 838              	.LFE94:
 840              		.align	1
 841              		.global	ali_heating_table_prov_state_get
 842              		.code	16
 843              		.thumb_func
 845              	ali_heating_table_prov_state_get:
 846              	.LFB95:
 214:../../../mesh/app/ali_HeatingTable/ali_HeatingTable.c **** 
 215:../../../mesh/app/ali_HeatingTable/ali_HeatingTable.c **** uint8_t ali_heating_table_prov_state_get(void)
 216:../../../mesh/app/ali_HeatingTable/ali_HeatingTable.c **** {
 847              		.loc 1 216 0
 848              		.cfi_startproc
 849              		@ args = 0, pretend = 0, frame = 0
 850              		@ frame_needed = 0, uses_anonymous_args = 0
 217:../../../mesh/app/ali_HeatingTable/ali_HeatingTable.c **** 	M_PRINTF(L_APP, "bond status[%d]", pstHeatTable->provState);
 851              		.loc 1 217 0
 852 0394 124B     		ldr	r3, .L71
 216:../../../mesh/app/ali_HeatingTable/ali_HeatingTable.c **** 	M_PRINTF(L_APP, "bond status[%d]", pstHeatTable->provState);
 853              		.loc 1 216 0
 854 0396 73B5     		push	{r0, r1, r4, r5, r6, lr}
 855              	.LCFI9:
 856              		.cfi_def_cfa_offset 24
 857              		.cfi_offset 0, -24
 858              		.cfi_offset 1, -20
 859              		.cfi_offset 4, -16
 860              		.cfi_offset 5, -12
 861              		.cfi_offset 6, -8
 862              		.cfi_offset 14, -4
 863              		.loc 1 217 0
 864 0398 1B68     		ldr	r3, [r3]
 865 039a 124E     		ldr	r6, .L71+4
 866 039c 9B04     		lsls	r3, r3, #18
 867 039e 17D5     		bpl	.L67
 868              		.loc 1 217 0 is_stmt 0 discriminator 5
 869 03a0 114D     		ldr	r5, .L71+8
 870 03a2 124C     		ldr	r4, .L71+12
 871 03a4 2B00     		movs	r3, r5
 872 03a6 2200     		movs	r2, r4
 873 03a8 2000     		movs	r0, r4
 874 03aa 0833     		adds	r3, r3, #8
 875 03ac 2C32     		adds	r2, r2, #44
 876 03ae 0093     		str	r3, [sp]
 877 03b0 2100     		movs	r1, r4
 878 03b2 D923     		movs	r3, #217
 879 03b4 3F30     		adds	r0, r0, #63
 880 03b6 FFF7FEFF 		bl	m_print
 881              	.LVL90:
 882 03ba 2800     		movs	r0, r5
 883 03bc 3368     		ldr	r3, [r6]
 884 03be 2930     		adds	r0, r0, #41
 885 03c0 5978     		ldrb	r1, [r3, #1]
 886 03c2 FFF7FEFF 		bl	m_print
 887              	.LVL91:
 888 03c6 2000     		movs	r0, r4
 889 03c8 A11D     		adds	r1, r4, #6
 890 03ca 7530     		adds	r0, r0, #117
 891 03cc FFF7FEFF 		bl	m_print
 892              	.LVL92:
 893              	.L67:
 218:../../../mesh/app/ali_HeatingTable/ali_HeatingTable.c **** 	return pstHeatTable->provState == 1;
 894              		.loc 1 218 0 is_stmt 1
 895 03d0 3368     		ldr	r3, [r6]
 219:../../../mesh/app/ali_HeatingTable/ali_HeatingTable.c **** }
 896              		.loc 1 219 0
 897              		@ sp needed
 218:../../../mesh/app/ali_HeatingTable/ali_HeatingTable.c **** 	return pstHeatTable->provState == 1;
 898              		.loc 1 218 0
 899 03d2 5878     		ldrb	r0, [r3, #1]
 900 03d4 0138     		subs	r0, r0, #1
 901 03d6 4242     		rsbs	r2, r0, #0
 902 03d8 4241     		adcs	r2, r2, r0
 903 03da D0B2     		uxtb	r0, r2
 904              		.loc 1 219 0
 905 03dc 76BD     		pop	{r1, r2, r4, r5, r6, pc}
 906              	.L72:
 907 03de C046     		.align	2
 908              	.L71:
 909 03e0 00000000 		.word	L_LEV
 910 03e4 00000000 		.word	.LANCHOR0
 911 03e8 00010000 		.word	.LANCHOR3
 912 03ec 00000000 		.word	.LANCHOR1
 913              		.cfi_endproc
 914              	.LFE95:
 916              		.align	1
 917              		.global	ali_heating_table_factory_reset
 918              		.code	16
 919              		.thumb_func
 921              	ali_heating_table_factory_reset:
 922              	.LFB96:
 220:../../../mesh/app/ali_HeatingTable/ali_HeatingTable.c **** 
 221:../../../mesh/app/ali_HeatingTable/ali_HeatingTable.c **** void ali_heating_table_factory_reset()
 222:../../../mesh/app/ali_HeatingTable/ali_HeatingTable.c **** {
 923              		.loc 1 222 0
 924              		.cfi_startproc
 925              		@ args = 0, pretend = 0, frame = 0
 926              		@ frame_needed = 0, uses_anonymous_args = 0
 927 03f0 10B5     		push	{r4, lr}
 928              	.LCFI10:
 929              		.cfi_def_cfa_offset 8
 930              		.cfi_offset 4, -8
 931              		.cfi_offset 14, -4
 223:../../../mesh/app/ali_HeatingTable/ali_HeatingTable.c **** 	bc_m_clear_config();
 932              		.loc 1 223 0
 933 03f2 FFF7FEFF 		bl	bc_m_clear_config
 934              	.LVL93:
 224:../../../mesh/app/ali_HeatingTable/ali_HeatingTable.c **** 	bc_flash_erase(FLASH_ALI_START_ADDRRESS, 1);
 935              		.loc 1 224 0
 936 03f6 0121     		movs	r1, #1
 937 03f8 0020     		movs	r0, #0
 938 03fa FFF7FEFF 		bl	bc_flash_erase
 939              	.LVL94:
 225:../../../mesh/app/ali_HeatingTable/ali_HeatingTable.c **** 	bc_sys_reset();
 226:../../../mesh/app/ali_HeatingTable/ali_HeatingTable.c **** }
 940              		.loc 1 226 0
 941              		@ sp needed
 225:../../../mesh/app/ali_HeatingTable/ali_HeatingTable.c **** 	bc_sys_reset();
 942              		.loc 1 225 0
 943 03fe FFF7FEFF 		bl	bc_sys_reset
 944              	.LVL95:
 945              		.loc 1 226 0
 946 0402 10BD     		pop	{r4, pc}
 947              		.cfi_endproc
 948              	.LFE96:
 950              		.align	1
 951              		.code	16
 952              		.thumb_func
 954              	_ali_heating_table_vendor_rx_cb:
 955              	.LFB97:
 227:../../../mesh/app/ali_HeatingTable/ali_HeatingTable.c **** static void _ali_heating_table_vendor_rx_cb(const m_lid_t model_lid, const uint8_t opcode, const ui
 228:../../../mesh/app/ali_HeatingTable/ali_HeatingTable.c **** {
 956              		.loc 1 228 0
 957              		.cfi_startproc
 958              		@ args = 0, pretend = 0, frame = 8
 959              		@ frame_needed = 0, uses_anonymous_args = 0
 960              	.LVL96:
 961 0404 F0B5     		push	{r4, r5, r6, r7, lr}
 962              	.LCFI11:
 963              		.cfi_def_cfa_offset 20
 964              		.cfi_offset 4, -20
 965              		.cfi_offset 5, -16
 966              		.cfi_offset 6, -12
 967              		.cfi_offset 7, -8
 968              		.cfi_offset 14, -4
 969 0406 1D00     		movs	r5, r3
 229:../../../mesh/app/ali_HeatingTable/ali_HeatingTable.c **** 	if(model_lid != pstHeatTable->model[1].lid){
 970              		.loc 1 229 0
 971 0408 244B     		ldr	r3, .L86
 972              	.LVL97:
 228:../../../mesh/app/ali_HeatingTable/ali_HeatingTable.c **** 	if(model_lid != pstHeatTable->model[1].lid){
 973              		.loc 1 228 0
 974 040a 85B0     		sub	sp, sp, #20
 975              	.LCFI12:
 976              		.cfi_def_cfa_offset 40
 977              		.loc 1 229 0
 978 040c 1B68     		ldr	r3, [r3]
 228:../../../mesh/app/ali_HeatingTable/ali_HeatingTable.c **** 	if(model_lid != pstHeatTable->model[1].lid){
 979              		.loc 1 228 0
 980 040e 0392     		str	r2, [sp, #12]
 981              		.loc 1 229 0
 982 0410 6533     		adds	r3, r3, #101
 983 0412 1B78     		ldrb	r3, [r3]
 228:../../../mesh/app/ali_HeatingTable/ali_HeatingTable.c **** 	if(model_lid != pstHeatTable->model[1].lid){
 984              		.loc 1 228 0
 985 0414 0E00     		movs	r6, r1
 986              		.loc 1 229 0
 987 0416 8342     		cmp	r3, r0
 988 0418 3ED1     		bne	.L74
 230:../../../mesh/app/ali_HeatingTable/ali_HeatingTable.c **** 		return;
 231:../../../mesh/app/ali_HeatingTable/ali_HeatingTable.c **** 	}
 232:../../../mesh/app/ali_HeatingTable/ali_HeatingTable.c **** 	M_PRINTF(L_APP, "opcode[%x]", opcode);
 989              		.loc 1 232 0
 990 041a 214B     		ldr	r3, .L86+4
 991 041c 1B68     		ldr	r3, [r3]
 992 041e 9B04     		lsls	r3, r3, #18
 993 0420 16D5     		bpl	.L77
 994              		.loc 1 232 0 is_stmt 0 discriminator 5
 995 0422 204F     		ldr	r7, .L86+8
 996 0424 204C     		ldr	r4, .L86+12
 997 0426 3B00     		movs	r3, r7
 998 0428 2200     		movs	r2, r4
 999              	.LVL98:
 1000 042a 2000     		movs	r0, r4
 1001              	.LVL99:
 1002 042c 3933     		adds	r3, r3, #57
 1003 042e 2C32     		adds	r2, r2, #44
 1004 0430 0093     		str	r3, [sp]
 1005 0432 2100     		movs	r1, r4
 1006              	.LVL100:
 1007 0434 E823     		movs	r3, #232
 1008 0436 3F30     		adds	r0, r0, #63
 1009 0438 FFF7FEFF 		bl	m_print
 1010              	.LVL101:
 1011 043c 3800     		movs	r0, r7
 1012 043e 3100     		movs	r1, r6
 1013 0440 5930     		adds	r0, r0, #89
 1014 0442 FFF7FEFF 		bl	m_print
 1015              	.LVL102:
 1016 0446 2000     		movs	r0, r4
 1017 0448 A11D     		adds	r1, r4, #6
 1018 044a 7530     		adds	r0, r0, #117
 1019 044c FFF7FEFF 		bl	m_print
 1020              	.LVL103:
 1021              	.L77:
 233:../../../mesh/app/ali_HeatingTable/ali_HeatingTable.c **** 	m_printf_hex(L_APP, "ALI VENDOR RECV", data, len);
 1022              		.loc 1 233 0 is_stmt 1
 1023 0450 8020     		movs	r0, #128
 1024 0452 1449     		ldr	r1, .L86+8
 1025 0454 2B00     		movs	r3, r5
 1026 0456 039A     		ldr	r2, [sp, #12]
 1027 0458 6431     		adds	r1, r1, #100
 1028 045a 8001     		lsls	r0, r0, #6
 1029 045c FFF7FEFF 		bl	m_printf_hex
 1030              	.LVL104:
 234:../../../mesh/app/ali_HeatingTable/ali_HeatingTable.c **** 	switch(opcode){
 1031              		.loc 1 234 0
 1032 0460 D12E     		cmp	r6, #209
 1033 0462 19D1     		bne	.L74
 1034              	.LVL105:
 1035              	.LBB23:
 1036              	.LBB24:
 1037              	.LBB25:
 235:../../../mesh/app/ali_HeatingTable/ali_HeatingTable.c **** 		case MM_MSG_ALIS_ATTR_SET:{
 236:../../../mesh/app/ali_HeatingTable/ali_HeatingTable.c **** 			uint8_t _len = len+CMD_EINX_LEN;
 1038              		.loc 1 236 0
 1039 0464 2F1D     		adds	r7, r5, #4
 1040 0466 FFB2     		uxtb	r7, r7
 1041              	.LVL106:
 237:../../../mesh/app/ali_HeatingTable/ali_HeatingTable.c **** 			uint8_t* _data = malloc(_len);
 1042              		.loc 1 237 0
 1043 0468 3800     		movs	r0, r7
 1044 046a FFF7FEFF 		bl	malloc
 1045              	.LVL107:
 1046 046e 041E     		subs	r4, r0, #0
 1047              	.LVL108:
 238:../../../mesh/app/ali_HeatingTable/ali_HeatingTable.c **** 			if(!_data)
 1048              		.loc 1 238 0
 1049 0470 12D0     		beq	.L74
 239:../../../mesh/app/ali_HeatingTable/ali_HeatingTable.c **** 				return;
 240:../../../mesh/app/ali_HeatingTable/ali_HeatingTable.c **** 			_data[0] = opcode;
 241:../../../mesh/app/ali_HeatingTable/ali_HeatingTable.c **** 			_data[1] = ALI_COMPANY_ID&0xff;
 1050              		.loc 1 241 0
 1051 0472 A823     		movs	r3, #168
 1052 0474 4370     		strb	r3, [r0, #1]
 242:../../../mesh/app/ali_HeatingTable/ali_HeatingTable.c **** 			_data[2] = ALI_COMPANY_ID>>8;
 1053              		.loc 1 242 0
 1054 0476 A73B     		subs	r3, r3, #167
 1055 0478 8370     		strb	r3, [r0, #2]
 243:../../../mesh/app/ali_HeatingTable/ali_HeatingTable.c **** 			_data[3] = 0;
 1056              		.loc 1 243 0
 1057 047a 0023     		movs	r3, #0
 240:../../../mesh/app/ali_HeatingTable/ali_HeatingTable.c **** 			_data[1] = ALI_COMPANY_ID&0xff;
 1058              		.loc 1 240 0
 1059 047c 0670     		strb	r6, [r0]
 1060              		.loc 1 243 0
 1061 047e C370     		strb	r3, [r0, #3]
 244:../../../mesh/app/ali_HeatingTable/ali_HeatingTable.c **** 			memcpy(_data+4, data, len);
 1062              		.loc 1 244 0
 1063 0480 2A00     		movs	r2, r5
 1064 0482 0399     		ldr	r1, [sp, #12]
 1065 0484 0430     		adds	r0, r0, #4
 1066              	.LVL109:
 1067 0486 FFF7FEFF 		bl	memcpy
 1068              	.LVL110:
 245:../../../mesh/app/ali_HeatingTable/ali_HeatingTable.c **** 			protocol_send(_data, _len);
 1069              		.loc 1 245 0
 1070 048a 2000     		movs	r0, r4
 1071 048c 3900     		movs	r1, r7
 1072 048e FFF7FEFF 		bl	protocol_send
 1073              	.LVL111:
 246:../../../mesh/app/ali_HeatingTable/ali_HeatingTable.c **** 			free(_data);
 1074              		.loc 1 246 0
 1075 0492 2000     		movs	r0, r4
 1076 0494 FFF7FEFF 		bl	free
 1077              	.LVL112:
 1078              	.L74:
 1079              	.LBE25:
 1080              	.LBE24:
 1081              	.LBE23:
 247:../../../mesh/app/ali_HeatingTable/ali_HeatingTable.c **** 		}break;
 248:../../../mesh/app/ali_HeatingTable/ali_HeatingTable.c **** 		case MM_MSG_ALIS_ATTR_CONFIRMATION:{
 249:../../../mesh/app/ali_HeatingTable/ali_HeatingTable.c **** 			
 250:../../../mesh/app/ali_HeatingTable/ali_HeatingTable.c **** 		}break;
 251:../../../mesh/app/ali_HeatingTable/ali_HeatingTable.c **** 		default:break;
 252:../../../mesh/app/ali_HeatingTable/ali_HeatingTable.c **** 	}
 253:../../../mesh/app/ali_HeatingTable/ali_HeatingTable.c **** }
 1082              		.loc 1 253 0
 1083 0498 05B0     		add	sp, sp, #20
 1084              		@ sp needed
 1085 049a F0BD     		pop	{r4, r5, r6, r7, pc}
 1086              	.L87:
 1087              		.align	2
 1088              	.L86:
 1089 049c 00000000 		.word	.LANCHOR0
 1090 04a0 00000000 		.word	L_LEV
 1091 04a4 00010000 		.word	.LANCHOR3
 1092 04a8 00000000 		.word	.LANCHOR1
 1093              		.cfi_endproc
 1094              	.LFE97:
 1096              		.align	1
 1097              		.global	ali_heating_table_init
 1098              		.code	16
 1099              		.thumb_func
 1101              	ali_heating_table_init:
 1102              	.LFB98:
 254:../../../mesh/app/ali_HeatingTable/ali_HeatingTable.c **** 
 255:../../../mesh/app/ali_HeatingTable/ali_HeatingTable.c **** uint8_t ali_heating_table_init(mesh_model_t** mdl, uint8_t* mcnt)
 256:../../../mesh/app/ali_HeatingTable/ali_HeatingTable.c **** {
 1103              		.loc 1 256 0
 1104              		.cfi_startproc
 1105              		@ args = 0, pretend = 0, frame = 16
 1106              		@ frame_needed = 0, uses_anonymous_args = 0
 1107              	.LVL113:
 1108 04ac F0B5     		push	{r4, r5, r6, r7, lr}
 1109              	.LCFI13:
 1110              		.cfi_def_cfa_offset 20
 1111              		.cfi_offset 4, -20
 1112              		.cfi_offset 5, -16
 1113              		.cfi_offset 6, -12
 1114              		.cfi_offset 7, -8
 1115              		.cfi_offset 14, -4
 257:../../../mesh/app/ali_HeatingTable/ali_HeatingTable.c **** 	M_PRINTF(L_APP, "-------init heating table---------");
 1116              		.loc 1 257 0
 1117 04ae 654D     		ldr	r5, .L109
 256:../../../mesh/app/ali_HeatingTable/ali_HeatingTable.c **** 	M_PRINTF(L_APP, "-------init heating table---------");
 1118              		.loc 1 256 0
 1119 04b0 87B0     		sub	sp, sp, #28
 1120              	.LCFI14:
 1121              		.cfi_def_cfa_offset 48
 1122              		.loc 1 257 0
 1123 04b2 2B68     		ldr	r3, [r5]
 256:../../../mesh/app/ali_HeatingTable/ali_HeatingTable.c **** 	M_PRINTF(L_APP, "-------init heating table---------");
 1124              		.loc 1 256 0
 1125 04b4 0490     		str	r0, [sp, #16]
 1126 04b6 0591     		str	r1, [sp, #20]
 1127              		.loc 1 257 0
 1128 04b8 9B04     		lsls	r3, r3, #18
 1129 04ba 15D5     		bpl	.L89
 1130              		.loc 1 257 0 is_stmt 0 discriminator 5
 1131 04bc 624B     		ldr	r3, .L109+4
 1132 04be 634C     		ldr	r4, .L109+8
 1133 04c0 7433     		adds	r3, r3, #116
 1134 04c2 0093     		str	r3, [sp]
 1135 04c4 2200     		movs	r2, r4
 1136 04c6 2000     		movs	r0, r4
 1137              	.LVL114:
 1138 04c8 0223     		movs	r3, #2
 1139 04ca 2100     		movs	r1, r4
 1140              	.LVL115:
 1141 04cc 2C32     		adds	r2, r2, #44
 1142 04ce FF33     		adds	r3, r3, #255
 1143 04d0 3F30     		adds	r0, r0, #63
 1144 04d2 FFF7FEFF 		bl	m_print
 1145              	.LVL116:
 1146 04d6 5E48     		ldr	r0, .L109+12
 1147 04d8 0B30     		adds	r0, r0, #11
 1148 04da FFF7FEFF 		bl	m_print
 1149              	.LVL117:
 1150 04de 2000     		movs	r0, r4
 1151 04e0 A11D     		adds	r1, r4, #6
 1152 04e2 7530     		adds	r0, r0, #117
 1153 04e4 FFF7FEFF 		bl	m_print
 1154              	.LVL118:
 1155              	.L89:
 258:../../../mesh/app/ali_HeatingTable/ali_HeatingTable.c **** 	pstHeatTable = ke_malloc(sizeof(ali_heating_table_t), 0);
 1156              		.loc 1 258 0 is_stmt 1
 1157 04e8 0021     		movs	r1, #0
 1158 04ea 9020     		movs	r0, #144
 1159 04ec FFF7FEFF 		bl	ke_malloc
 1160              	.LVL119:
 1161 04f0 584C     		ldr	r4, .L109+16
 1162 04f2 0300     		movs	r3, r0
 1163 04f4 2060     		str	r0, [r4]
 259:../../../mesh/app/ali_HeatingTable/ali_HeatingTable.c **** 	if(pstHeatTable == NULL)
 260:../../../mesh/app/ali_HeatingTable/ali_HeatingTable.c **** 		return 1;
 1164              		.loc 1 260 0
 1165 04f6 0120     		movs	r0, #1
 259:../../../mesh/app/ali_HeatingTable/ali_HeatingTable.c **** 	if(pstHeatTable == NULL)
 1166              		.loc 1 259 0
 1167 04f8 002B     		cmp	r3, #0
 1168 04fa 00D1     		bne	.LCB1053
 1169 04fc 9FE0     		b	.L90	@long jump
 1170              	.LCB1053:
 261:../../../mesh/app/ali_HeatingTable/ali_HeatingTable.c **** 	
 262:../../../mesh/app/ali_HeatingTable/ali_HeatingTable.c **** 	_param_init();
 1171              		.loc 1 262 0
 1172 04fe FFF7CFFE 		bl	_param_init
 1173              	.LVL120:
 1174              	.LBB28:
 1175              	.LBB29:
 153:../../../mesh/app/ali_HeatingTable/ali_HeatingTable.c **** 		pstHeatTable->saveCfgCrc = bc_sys_check_sum((uint8_t*)pstHeatTable, ALI_HEATING_TABLE_SAVE_LEN-1)
 1176              		.loc 1 153 0
 1177 0502 2668     		ldr	r6, [r4]
 1178 0504 3378     		ldrb	r3, [r6]
 1179 0506 5A1C     		adds	r2, r3, #1
 1180 0508 3270     		strb	r2, [r6]
 1181 050a 042B     		cmp	r3, #4
 1182 050c 0ED8     		bhi	.L91
 154:../../../mesh/app/ali_HeatingTable/ali_HeatingTable.c **** 		bc_flash_erase(FLASH_ALI_START_ADDRRESS, 1);
 1183              		.loc 1 154 0
 1184 050e 0321     		movs	r1, #3
 1185 0510 3000     		movs	r0, r6
 1186 0512 FFF7FEFF 		bl	bc_sys_check_sum
 1187              	.LVL121:
 155:../../../mesh/app/ali_HeatingTable/ali_HeatingTable.c **** 		bc_flash_write(FLASH_ALI_START_ADDRRESS, ALI_HEATING_TABLE_SAVE_LEN,(uint8_t*)pstHeatTable);
 1188              		.loc 1 155 0
 1189 0516 0121     		movs	r1, #1
 154:../../../mesh/app/ali_HeatingTable/ali_HeatingTable.c **** 		bc_flash_erase(FLASH_ALI_START_ADDRRESS, 1);
 1190              		.loc 1 154 0
 1191 0518 F070     		strb	r0, [r6, #3]
 155:../../../mesh/app/ali_HeatingTable/ali_HeatingTable.c **** 		bc_flash_write(FLASH_ALI_START_ADDRRESS, ALI_HEATING_TABLE_SAVE_LEN,(uint8_t*)pstHeatTable);
 1192              		.loc 1 155 0
 1193 051a 0020     		movs	r0, #0
 1194 051c FFF7FEFF 		bl	bc_flash_erase
 1195              	.LVL122:
 156:../../../mesh/app/ali_HeatingTable/ali_HeatingTable.c **** 		return 0;
 1196              		.loc 1 156 0
 1197 0520 2268     		ldr	r2, [r4]
 1198 0522 0421     		movs	r1, #4
 1199 0524 0020     		movs	r0, #0
 1200 0526 FFF7FEFF 		bl	bc_flash_write
 1201              	.LVL123:
 1202 052a 55E0     		b	.L92
 1203              	.L91:
 159:../../../mesh/app/ali_HeatingTable/ali_HeatingTable.c **** 	//TODO: 1HZ flash 3 timers
 1204              		.loc 1 159 0
 1205 052c 2B68     		ldr	r3, [r5]
 1206 052e 9B04     		lsls	r3, r3, #18
 1207 0530 14D5     		bpl	.L93
 1208 0532 464D     		ldr	r5, .L109+8
 1209 0534 464B     		ldr	r3, .L109+12
 1210 0536 2A00     		movs	r2, r5
 1211 0538 2800     		movs	r0, r5
 1212 053a 2E33     		adds	r3, r3, #46
 1213 053c 2900     		movs	r1, r5
 1214 053e 2C32     		adds	r2, r2, #44
 1215 0540 0093     		str	r3, [sp]
 1216 0542 3F30     		adds	r0, r0, #63
 1217 0544 9F23     		movs	r3, #159
 1218 0546 FFF7FEFF 		bl	m_print
 1219              	.LVL124:
 1220 054a 4348     		ldr	r0, .L109+20
 1221 054c 5730     		adds	r0, r0, #87
 1222 054e FFF7FEFF 		bl	m_print
 1223              	.LVL125:
 1224 0552 2800     		movs	r0, r5
 1225 0554 A91D     		adds	r1, r5, #6
 1226 0556 7530     		adds	r0, r0, #117
 1227 0558 FFF7FEFF 		bl	m_print
 1228              	.LVL126:
 1229              	.L93:
 162:../../../mesh/app/ali_HeatingTable/ali_HeatingTable.c **** 	do{
 1230              		.loc 1 162 0
 1231 055c FFF7FEFF 		bl	mesh_timer_get_time
 1232              	.LVL127:
 1233 0560 0625     		movs	r5, #6
 1234 0562 0290     		str	r0, [sp, #8]
 1235              	.LVL128:
 1236              	.L94:
 164:../../../mesh/app/ali_HeatingTable/ali_HeatingTable.c **** 			continue;
 1237              		.loc 1 164 0
 1238 0564 FFF7FEFF 		bl	mesh_timer_get_time
 1239              	.LVL129:
 1240 0568 029B     		ldr	r3, [sp, #8]
 1241 056a C01A     		subs	r0, r0, r3
 1242 056c 3B4B     		ldr	r3, .L109+24
 1243 056e 9842     		cmp	r0, r3
 1244 0570 F8D9     		bls	.L94
 167:../../../mesh/app/ali_HeatingTable/ali_HeatingTable.c **** 		led_cw_set_on_off(i%2,NULL);
 1245              		.loc 1 167 0
 1246 0572 FFF7FEFF 		bl	mesh_timer_get_time
 1247              	.LVL130:
 168:../../../mesh/app/ali_HeatingTable/ali_HeatingTable.c **** 		M_PRINTF(L_APP, "led status = %d", i%2);
 1248              		.loc 1 168 0
 1249 0576 0123     		movs	r3, #1
 1250 0578 2B40     		ands	r3, r5
 167:../../../mesh/app/ali_HeatingTable/ali_HeatingTable.c **** 		led_cw_set_on_off(i%2,NULL);
 1251              		.loc 1 167 0
 1252 057a 0290     		str	r0, [sp, #8]
 1253              	.LVL131:
 168:../../../mesh/app/ali_HeatingTable/ali_HeatingTable.c **** 		M_PRINTF(L_APP, "led status = %d", i%2);
 1254              		.loc 1 168 0
 1255 057c 0021     		movs	r1, #0
 1256 057e 1800     		movs	r0, r3
 1257              	.LVL132:
 1258 0580 0393     		str	r3, [sp, #12]
 1259 0582 FFF7FEFF 		bl	led_cw_set_on_off
 1260              	.LVL133:
 169:../../../mesh/app/ali_HeatingTable/ali_HeatingTable.c **** 	}while(i-->1);
 1261              		.loc 1 169 0
 1262 0586 8022     		movs	r2, #128
 1263 0588 2E4B     		ldr	r3, .L109
 1264 058a 9201     		lsls	r2, r2, #6
 1265 058c 1B68     		ldr	r3, [r3]
 1266 058e 1342     		tst	r3, r2
 1267 0590 16D0     		beq	.L95
 1268 0592 2F4F     		ldr	r7, .L109+12
 1269 0594 2D4E     		ldr	r6, .L109+8
 1270 0596 3B00     		movs	r3, r7
 1271 0598 3200     		movs	r2, r6
 1272 059a 3000     		movs	r0, r6
 1273 059c 2E33     		adds	r3, r3, #46
 1274 059e 2C32     		adds	r2, r2, #44
 1275 05a0 0093     		str	r3, [sp]
 1276 05a2 3100     		movs	r1, r6
 1277 05a4 A923     		movs	r3, #169
 1278 05a6 3F30     		adds	r0, r0, #63
 1279 05a8 FFF7FEFF 		bl	m_print
 1280              	.LVL134:
 1281 05ac 3800     		movs	r0, r7
 1282 05ae 0399     		ldr	r1, [sp, #12]
 1283 05b0 4230     		adds	r0, r0, #66
 1284 05b2 FFF7FEFF 		bl	m_print
 1285              	.LVL135:
 1286 05b6 3000     		movs	r0, r6
 1287 05b8 B11D     		adds	r1, r6, #6
 1288 05ba 7530     		adds	r0, r0, #117
 1289 05bc FFF7FEFF 		bl	m_print
 1290              	.LVL136:
 1291              	.L95:
 1292 05c0 013D     		subs	r5, r5, #1
 1293              	.LVL137:
 1294 05c2 EDB2     		uxtb	r5, r5
 170:../../../mesh/app/ali_HeatingTable/ali_HeatingTable.c **** 	//restore flash parameter
 1295              		.loc 1 170 0
 1296 05c4 002D     		cmp	r5, #0
 1297 05c6 CDD1     		bne	.L94
 172:../../../mesh/app/ali_HeatingTable/ali_HeatingTable.c **** 	//clear quick count
 1298              		.loc 1 172 0
 1299 05c8 FFF7FEFF 		bl	bc_m_clear_config
 1300              	.LVL138:
 174:../../../mesh/app/ali_HeatingTable/ali_HeatingTable.c **** 	return 1;
 1301              		.loc 1 174 0
 1302 05cc 0121     		movs	r1, #1
 1303 05ce 2800     		movs	r0, r5
 1304 05d0 FFF7FEFF 		bl	bc_flash_erase
 1305              	.LVL139:
 1306              	.LBE29:
 1307              	.LBE28:
 263:../../../mesh/app/ali_HeatingTable/ali_HeatingTable.c **** 	//ali local quick restore parameter
 264:../../../mesh/app/ali_HeatingTable/ali_HeatingTable.c **** 	if(1 == _quick_restore_init()){
 265:../../../mesh/app/ali_HeatingTable/ali_HeatingTable.c **** 		_param_init();//reinit
 1308              		.loc 1 265 0
 1309 05d4 FFF764FE 		bl	_param_init
 1310              	.LVL140:
 1311              	.L92:
 266:../../../mesh/app/ali_HeatingTable/ali_HeatingTable.c **** 	}
 267:../../../mesh/app/ali_HeatingTable/ali_HeatingTable.c **** 	
 268:../../../mesh/app/ali_HeatingTable/ali_HeatingTable.c **** 	//start timer for clear
 269:../../../mesh/app/ali_HeatingTable/ali_HeatingTable.c **** 	SYS_SetTimer(&pstHeatTable->startDelayTimer, (int)ALI_QUICK_START_TIME/10, 
 1312              		.loc 1 269 0
 1313 05d8 2368     		ldr	r3, [r4]
 1314 05da 0022     		movs	r2, #0
 1315 05dc 181D     		adds	r0, r3, #4
 1316 05de C821     		movs	r1, #200
 1317 05e0 1F4B     		ldr	r3, .L109+28
 1318 05e2 FFF7FEFF 		bl	SYS_SetTimer
 1319              	.LVL141:
 270:../../../mesh/app/ali_HeatingTable/ali_HeatingTable.c **** 					TIMER_SINGLE, (Timer_Expire_CB)_quick_restore_timer_cb);
 271:../../../mesh/app/ali_HeatingTable/ali_HeatingTable.c **** 
 272:../../../mesh/app/ali_HeatingTable/ali_HeatingTable.c **** 	pstHeatTable->oo_ctrl.set = _cw_set_on_off;
 1320              		.loc 1 272 0
 1321 05e6 2168     		ldr	r1, [r4]
 1322 05e8 1E4B     		ldr	r3, .L109+32
 273:../../../mesh/app/ali_HeatingTable/ali_HeatingTable.c **** 	pstHeatTable->oo_ctrl.get = _cw_get_on_off;
 274:../../../mesh/app/ali_HeatingTable/ali_HeatingTable.c **** 	mesh_model_t* tmModel = &pstHeatTable->model[pstHeatTable->model_cnt++];
 275:../../../mesh/app/ali_HeatingTable/ali_HeatingTable.c **** 	tmModel->offset = 0;//element num
 1323              		.loc 1 275 0
 1324 05ea 0025     		movs	r5, #0
 272:../../../mesh/app/ali_HeatingTable/ali_HeatingTable.c **** 	pstHeatTable->oo_ctrl.get = _cw_get_on_off;
 1325              		.loc 1 272 0
 1326 05ec 0B67     		str	r3, [r1, #112]
 273:../../../mesh/app/ali_HeatingTable/ali_HeatingTable.c **** 	pstHeatTable->oo_ctrl.get = _cw_get_on_off;
 1327              		.loc 1 273 0
 1328 05ee 1E4B     		ldr	r3, .L109+36
 1329 05f0 4B67     		str	r3, [r1, #116]
 274:../../../mesh/app/ali_HeatingTable/ali_HeatingTable.c **** 	tmModel->offset = 0;//element num
 1330              		.loc 1 274 0
 1331 05f2 0B00     		movs	r3, r1
 1332 05f4 4E33     		adds	r3, r3, #78
 1333 05f6 1878     		ldrb	r0, [r3]
 1334 05f8 421C     		adds	r2, r0, #1
 1335              		.loc 1 275 0
 1336 05fa 0530     		adds	r0, r0, #5
 1337 05fc 0001     		lsls	r0, r0, #4
 1338 05fe 0818     		adds	r0, r1, r0
 274:../../../mesh/app/ali_HeatingTable/ali_HeatingTable.c **** 	tmModel->offset = 0;//element num
 1339              		.loc 1 274 0
 1340 0600 1A70     		strb	r2, [r3]
 276:../../../mesh/app/ali_HeatingTable/ali_HeatingTable.c **** 	bc_mm_gens_oo_init(tmModel, &pstHeatTable->oo_ctrl);
 1341              		.loc 1 276 0
 1342 0602 7031     		adds	r1, r1, #112
 275:../../../mesh/app/ali_HeatingTable/ali_HeatingTable.c **** 	bc_mm_gens_oo_init(tmModel, &pstHeatTable->oo_ctrl);
 1343              		.loc 1 275 0
 1344 0604 0571     		strb	r5, [r0, #4]
 1345              		.loc 1 276 0
 1346 0606 FFF7FEFF 		bl	bc_mm_gens_oo_init
 1347              	.LVL142:
 277:../../../mesh/app/ali_HeatingTable/ali_HeatingTable.c **** 
 278:../../../mesh/app/ali_HeatingTable/ali_HeatingTable.c **** 	tmModel = &pstHeatTable->model[pstHeatTable->model_cnt++];
 1348              		.loc 1 278 0
 1349 060a 2268     		ldr	r2, [r4]
 1350 060c 1100     		movs	r1, r2
 1351 060e 4E31     		adds	r1, r1, #78
 1352 0610 0B78     		ldrb	r3, [r1]
 1353 0612 581C     		adds	r0, r3, #1
 1354 0614 0870     		strb	r0, [r1]
 1355              	.LVL143:
 279:../../../mesh/app/ali_HeatingTable/ali_HeatingTable.c **** 	tmModel->offset = 0;//element num
 1356              		.loc 1 279 0
 1357 0616 581D     		adds	r0, r3, #5
 1358 0618 0001     		lsls	r0, r0, #4
 1359 061a 1018     		adds	r0, r2, r0
 1360              	.LVL144:
 280:../../../mesh/app/ali_HeatingTable/ali_HeatingTable.c **** 	bc_mm_alis_vendor_init(tmModel, _ali_heating_table_vendor_rx_cb);
 1361              		.loc 1 280 0
 1362 061c 1349     		ldr	r1, .L109+40
 279:../../../mesh/app/ali_HeatingTable/ali_HeatingTable.c **** 	tmModel->offset = 0;//element num
 1363              		.loc 1 279 0
 1364 061e 0571     		strb	r5, [r0, #4]
 1365              		.loc 1 280 0
 1366 0620 FFF7FEFF 		bl	bc_mm_alis_vendor_init
 1367              	.LVL145:
 281:../../../mesh/app/ali_HeatingTable/ali_HeatingTable.c **** 	
 282:../../../mesh/app/ali_HeatingTable/ali_HeatingTable.c **** 	*mdl = pstHeatTable->model;
 1368              		.loc 1 282 0
 1369 0624 2368     		ldr	r3, [r4]
 1370 0626 0499     		ldr	r1, [sp, #16]
 1371 0628 1A00     		movs	r2, r3
 1372 062a 5032     		adds	r2, r2, #80
 1373 062c 0A60     		str	r2, [r1]
 283:../../../mesh/app/ali_HeatingTable/ali_HeatingTable.c **** 	*mcnt = pstHeatTable->model_cnt;
 1374              		.loc 1 283 0
 1375 062e 4E33     		adds	r3, r3, #78
 1376 0630 1B78     		ldrb	r3, [r3]
 1377 0632 059A     		ldr	r2, [sp, #20]
 284:../../../mesh/app/ali_HeatingTable/ali_HeatingTable.c **** 
 285:../../../mesh/app/ali_HeatingTable/ali_HeatingTable.c **** 	//if bond
 286:../../../mesh/app/ali_HeatingTable/ali_HeatingTable.c **** 	_ready_to_indicate(true);
 1378              		.loc 1 286 0
 1379 0634 0120     		movs	r0, #1
 283:../../../mesh/app/ali_HeatingTable/ali_HeatingTable.c **** 	*mcnt = pstHeatTable->model_cnt;
 1380              		.loc 1 283 0
 1381 0636 1370     		strb	r3, [r2]
 1382              		.loc 1 286 0
 1383 0638 FFF708FD 		bl	_ready_to_indicate
 1384              	.LVL146:
 287:../../../mesh/app/ali_HeatingTable/ali_HeatingTable.c **** 
 288:../../../mesh/app/ali_HeatingTable/ali_HeatingTable.c **** //	_key_init();
 289:../../../mesh/app/ali_HeatingTable/ali_HeatingTable.c **** 	return 0;
 1385              		.loc 1 289 0
 1386 063c 2800     		movs	r0, r5
 1387              	.L90:
 290:../../../mesh/app/ali_HeatingTable/ali_HeatingTable.c **** }
 1388              		.loc 1 290 0
 1389 063e 07B0     		add	sp, sp, #28
 1390              		@ sp needed
 1391 0640 F0BD     		pop	{r4, r5, r6, r7, pc}
 1392              	.L110:
 1393 0642 C046     		.align	2
 1394              	.L109:
 1395 0644 00000000 		.word	L_LEV
 1396 0648 00010000 		.word	.LANCHOR3
 1397 064c 00000000 		.word	.LANCHOR1
 1398 0650 80010000 		.word	.LANCHOR4
 1399 0654 00000000 		.word	.LANCHOR0
 1400 0658 80000000 		.word	.LANCHOR2
 1401 065c E7030000 		.word	999
 1402 0660 00000000 		.word	_quick_restore_timer_cb
 1403 0664 00000000 		.word	_cw_set_on_off
 1404 0668 00000000 		.word	_cw_get_on_off
 1405 066c 00000000 		.word	_ali_heating_table_vendor_rx_cb
 1406              		.cfi_endproc
 1407              	.LFE98:
 1409              		.align	1
 1410              		.global	ali_heating_table_deinit
 1411              		.code	16
 1412              		.thumb_func
 1414              	ali_heating_table_deinit:
 1415              	.LFB99:
 291:../../../mesh/app/ali_HeatingTable/ali_HeatingTable.c **** 
 292:../../../mesh/app/ali_HeatingTable/ali_HeatingTable.c **** uint8_t ali_heating_table_deinit(mesh_model_t** mdl)
 293:../../../mesh/app/ali_HeatingTable/ali_HeatingTable.c **** {
 1416              		.loc 1 293 0
 1417              		.cfi_startproc
 1418              		@ args = 0, pretend = 0, frame = 0
 1419              		@ frame_needed = 0, uses_anonymous_args = 0
 1420              	.LVL147:
 1421 0670 70B5     		push	{r4, r5, r6, lr}
 1422              	.LCFI15:
 1423              		.cfi_def_cfa_offset 16
 1424              		.cfi_offset 4, -16
 1425              		.cfi_offset 5, -12
 1426              		.cfi_offset 6, -8
 1427              		.cfi_offset 14, -4
 294:../../../mesh/app/ali_HeatingTable/ali_HeatingTable.c **** 	bc_mm_alis_vendor_deinit(&pstHeatTable->model[--pstHeatTable->model_cnt]);
 1428              		.loc 1 294 0
 1429 0672 124C     		ldr	r4, .L116
 293:../../../mesh/app/ali_HeatingTable/ali_HeatingTable.c **** 	bc_mm_alis_vendor_deinit(&pstHeatTable->model[--pstHeatTable->model_cnt]);
 1430              		.loc 1 293 0
 1431 0674 0500     		movs	r5, r0
 1432              		.loc 1 294 0
 1433 0676 2268     		ldr	r2, [r4]
 1434 0678 1100     		movs	r1, r2
 1435 067a 4E31     		adds	r1, r1, #78
 1436 067c 0B78     		ldrb	r3, [r1]
 1437 067e 013B     		subs	r3, r3, #1
 1438 0680 DBB2     		uxtb	r3, r3
 1439 0682 581D     		adds	r0, r3, #5
 1440              	.LVL148:
 1441 0684 0001     		lsls	r0, r0, #4
 1442 0686 0B70     		strb	r3, [r1]
 1443 0688 1018     		adds	r0, r2, r0
 1444 068a FFF7FEFF 		bl	bc_mm_alis_vendor_deinit
 1445              	.LVL149:
 295:../../../mesh/app/ali_HeatingTable/ali_HeatingTable.c **** 	bc_mm_gens_oo_deinit(&pstHeatTable->model[--pstHeatTable->model_cnt]);
 1446              		.loc 1 295 0
 1447 068e 2268     		ldr	r2, [r4]
 1448 0690 1100     		movs	r1, r2
 1449 0692 4E31     		adds	r1, r1, #78
 1450 0694 0B78     		ldrb	r3, [r1]
 1451 0696 013B     		subs	r3, r3, #1
 1452 0698 DBB2     		uxtb	r3, r3
 1453 069a 581D     		adds	r0, r3, #5
 1454 069c 0001     		lsls	r0, r0, #4
 1455 069e 0B70     		strb	r3, [r1]
 1456 06a0 1018     		adds	r0, r2, r0
 1457 06a2 FFF7FEFF 		bl	bc_mm_gens_oo_deinit
 1458              	.LVL150:
 296:../../../mesh/app/ali_HeatingTable/ali_HeatingTable.c **** 	if(pstHeatTable){
 1459              		.loc 1 296 0
 1460 06a6 2068     		ldr	r0, [r4]
 1461 06a8 0028     		cmp	r0, #0
 1462 06aa 03D0     		beq	.L112
 297:../../../mesh/app/ali_HeatingTable/ali_HeatingTable.c **** 		ke_free(pstHeatTable);
 1463              		.loc 1 297 0
 1464 06ac FFF7FEFF 		bl	ke_free
 1465              	.LVL151:
 298:../../../mesh/app/ali_HeatingTable/ali_HeatingTable.c **** 		pstHeatTable = NULL;
 1466              		.loc 1 298 0
 1467 06b0 0023     		movs	r3, #0
 1468 06b2 2360     		str	r3, [r4]
 1469              	.L112:
 299:../../../mesh/app/ali_HeatingTable/ali_HeatingTable.c **** 	}
 300:../../../mesh/app/ali_HeatingTable/ali_HeatingTable.c **** 	*mdl = NULL;
 1470              		.loc 1 300 0
 1471 06b4 0020     		movs	r0, #0
 1472 06b6 2860     		str	r0, [r5]
 301:../../../mesh/app/ali_HeatingTable/ali_HeatingTable.c **** 	return 0;
 302:../../../mesh/app/ali_HeatingTable/ali_HeatingTable.c **** }
 1473              		.loc 1 302 0
 1474              		@ sp needed
 1475              	.LVL152:
 1476 06b8 70BD     		pop	{r4, r5, r6, pc}
 1477              	.L117:
 1478 06ba C046     		.align	2
 1479              	.L116:
 1480 06bc 00000000 		.word	.LANCHOR0
 1481              		.cfi_endproc
 1482              	.LFE99:
 1484              		.align	1
 1485              		.global	ali_heating_table_hal_rx
 1486              		.code	16
 1487              		.thumb_func
 1489              	ali_heating_table_hal_rx:
 1490              	.LFB100:
 303:../../../mesh/app/ali_HeatingTable/ali_HeatingTable.c **** void ali_heating_table_hal_rx(const HAL_TYPE type,const uint8_t *data , uint8_t len)
 304:../../../mesh/app/ali_HeatingTable/ali_HeatingTable.c **** {
 1491              		.loc 1 304 0
 1492              		.cfi_startproc
 1493              		@ args = 0, pretend = 0, frame = 0
 1494              		@ frame_needed = 0, uses_anonymous_args = 0
 1495              	.LVL153:
 1496 06c0 F8B5     		push	{r3, r4, r5, r6, r7, lr}
 1497              	.LCFI16:
 1498              		.cfi_def_cfa_offset 24
 1499              		.cfi_offset 3, -24
 1500              		.cfi_offset 4, -20
 1501              		.cfi_offset 5, -16
 1502              		.cfi_offset 6, -12
 1503              		.cfi_offset 7, -8
 1504              		.cfi_offset 14, -4
 1505              		.loc 1 304 0
 1506 06c2 0D00     		movs	r5, r1
 1507 06c4 1400     		movs	r4, r2
 305:../../../mesh/app/ali_HeatingTable/ali_HeatingTable.c **** 	if(type == HAL_UART){
 1508              		.loc 1 305 0
 1509 06c6 0128     		cmp	r0, #1
 1510 06c8 21D1     		bne	.L118
 306:../../../mesh/app/ali_HeatingTable/ali_HeatingTable.c **** 		m_printf_hex(L_APP, "recv data from uart", data, len);
 1511              		.loc 1 306 0
 1512 06ca 114F     		ldr	r7, .L122
 1513 06cc 8020     		movs	r0, #128
 1514              	.LVL154:
 1515 06ce 3900     		movs	r1, r7
 1516              	.LVL155:
 1517 06d0 1300     		movs	r3, r2
 1518 06d2 5231     		adds	r1, r1, #82
 1519 06d4 2A00     		movs	r2, r5
 1520              	.LVL156:
 1521 06d6 8001     		lsls	r0, r0, #6
 1522 06d8 FFF7FEFF 		bl	m_printf_hex
 1523              	.LVL157:
 307:../../../mesh/app/ali_HeatingTable/ali_HeatingTable.c **** 		if(data[1] == (ALI_COMPANY_ID&0xff)
 1524              		.loc 1 307 0
 1525 06dc 6B78     		ldrb	r3, [r5, #1]
 1526 06de A82B     		cmp	r3, #168
 1527 06e0 15D1     		bne	.L118
 308:../../../mesh/app/ali_HeatingTable/ali_HeatingTable.c **** 			&& data[2] == (ALI_COMPANY_ID>>8)){
 1528              		.loc 1 308 0
 1529 06e2 AB78     		ldrb	r3, [r5, #2]
 1530 06e4 012B     		cmp	r3, #1
 1531 06e6 12D1     		bne	.L118
 309:../../../mesh/app/ali_HeatingTable/ali_HeatingTable.c **** 			m_printf_hex(L_APP, "indicate uart", data+4, len-4);
 1532              		.loc 1 309 0
 1533 06e8 3900     		movs	r1, r7
 1534 06ea 8020     		movs	r0, #128
 1535 06ec 2E1D     		adds	r6, r5, #4
 1536 06ee 043C     		subs	r4, r4, #4
 1537 06f0 6631     		adds	r1, r1, #102
 1538 06f2 2300     		movs	r3, r4
 1539 06f4 3200     		movs	r2, r6
 1540 06f6 8001     		lsls	r0, r0, #6
 1541 06f8 FFF7FEFF 		bl	m_printf_hex
 1542              	.LVL158:
 310:../../../mesh/app/ali_HeatingTable/ali_HeatingTable.c **** 			bc_mm_ali_vendor_send(pstHeatTable->model[1].lid, data[0], (uint8_t*)data+4, len-4);
 1543              		.loc 1 310 0
 1544 06fc 054A     		ldr	r2, .L122+4
 1545 06fe A3B2     		uxth	r3, r4
 1546 0700 1268     		ldr	r2, [r2]
 1547 0702 2978     		ldrb	r1, [r5]
 1548 0704 6532     		adds	r2, r2, #101
 1549 0706 1078     		ldrb	r0, [r2]
 1550 0708 3200     		movs	r2, r6
 1551 070a FFF7FEFF 		bl	bc_mm_ali_vendor_send
 1552              	.LVL159:
 1553              	.L118:
 311:../../../mesh/app/ali_HeatingTable/ali_HeatingTable.c **** 		}
 312:../../../mesh/app/ali_HeatingTable/ali_HeatingTable.c **** 	}
 313:../../../mesh/app/ali_HeatingTable/ali_HeatingTable.c **** }
 1554              		.loc 1 313 0
 1555              		@ sp needed
 1556              	.LVL160:
 1557 070e F8BD     		pop	{r3, r4, r5, r6, r7, pc}
 1558              	.L123:
 1559              		.align	2
 1560              	.L122:
 1561 0710 80010000 		.word	.LANCHOR4
 1562 0714 00000000 		.word	.LANCHOR0
 1563              		.cfi_endproc
 1564              	.LFE100:
 1566              		.section	.rodata
 1567              		.set	.LANCHOR1,. + 0
 1568              		.set	.LANCHOR2,. + 128
 1569              		.set	.LANCHOR3,. + 256
 1570              		.set	.LANCHOR4,. + 384
 1573              	lgs:
 1574 0000 5B4D4C47 		.ascii	"[MLG]\000"
 1574      5D00
 1577              	lge:
 1578 0006 0D0A00   		.ascii	"\015\012\000"
 1579              	.LC6:
 1580 0009 2E2E2F2E 		.ascii	"../../../mesh/app/ali_HeatingTable/ali_HeatingTable"
 1580      2E2F2E2E 
 1580      2F6D6573 
 1580      682F6170 
 1580      702F616C 
 1581 003c 2E6300   		.ascii	".c\000"
 1582              	.LC8:
 1583 003f 25735B25 		.ascii	"%s[%10s:%d]%s:\000"
 1583      3130733A 
 1583      25645D25 
 1583      733A00
 1586              	__FUNCTION__.9410:
 1587 004e 5F62696E 		.ascii	"_bind_timer_cb\000"
 1587      645F7469 
 1587      6D65725F 
 1587      636200
 1588              	.LC9:
 1589 005d 6D5F7462 		.ascii	"m_tb_key_app_find error\000"
 1589      5F6B6579 
 1589      5F617070 
 1589      5F66696E 
 1589      64206572 
 1590              	.LC10:
 1591 0075 257300   		.ascii	"%s\000"
 1592              	.LC11:
 1593 0078 742D3E6C 		.ascii	"t->lid[%x] pstHeatTable->model_cnt[%x] status[%x]\000"
 1593      69645B25 
 1593      785D2070 
 1593      73744865 
 1593      61745461 
 1594              	.LC20:
 1595 00aa 5F706572 		.ascii	"_period_ind_timer_cb\000"
 1595      696F645F 
 1595      696E645F 
 1595      74696D65 
 1595      725F6362 
 1598              	__FUNCTION__.9432:
 1599 00bf 5F717569 		.ascii	"_quick_restore_timer_cb\000"
 1599      636B5F72 
 1599      6573746F 
 1599      72655F74 
 1599      696D6572 
 1600              	.LC25:
 1601 00d7 00       		.ascii	"\000"
 1604              	__FUNCTION__.9451:
 1605 00d8 5F706172 		.ascii	"_param_init\000"
 1605      616D5F69 
 1605      6E697400 
 1606              	.LC37:
 1607 00e4 64657669 		.ascii	"device type is changed [%d] to [%d]\000"
 1607      63652074 
 1607      79706520 
 1607      69732063 
 1607      68616E67 
 1610              	__FUNCTION__.9459:
 1611 0108 616C695F 		.ascii	"ali_heating_table_prov_state_get\000"
 1611      68656174 
 1611      696E675F 
 1611      7461626C 
 1611      655F7072 
 1612              	.LC50:
 1613 0129 626F6E64 		.ascii	"bond status[%d]\000"
 1613      20737461 
 1613      7475735B 
 1613      25645D00 
 1616              	__FUNCTION__.9469:
 1617 0139 5F616C69 		.ascii	"_ali_heating_table_vendor_rx_cb\000"
 1617      5F686561 
 1617      74696E67 
 1617      5F746162 
 1617      6C655F76 
 1618              	.LC61:
 1619 0159 6F70636F 		.ascii	"opcode[%x]\000"
 1619      64655B25 
 1619      785D00
 1620              	.LC62:
 1621 0164 414C4920 		.ascii	"ALI VENDOR RECV\000"
 1621      56454E44 
 1621      4F522052 
 1621      45435600 
 1624              	__FUNCTION__.9481:
 1625 0174 616C695F 		.ascii	"ali_heating_table_init\000"
 1625      68656174 
 1625      696E675F 
 1625      7461626C 
 1625      655F696E 
 1626              	.LC72:
 1627 018b 2D2D2D2D 		.ascii	"-------init heating table---------\000"
 1627      2D2D2D69 
 1627      6E697420 
 1627      68656174 
 1627      696E6720 
 1630              	__FUNCTION__.9437:
 1631 01ae 5F717569 		.ascii	"_quick_restore_init\000"
 1631      636B5F72 
 1631      6573746F 
 1631      72655F69 
 1631      6E697400 
 1632              	.LC76:
 1633 01c2 6C656420 		.ascii	"led status = %d\000"
 1633      73746174 
 1633      7573203D 
 1633      20256400 
 1634              	.LC89:
 1635 01d2 72656376 		.ascii	"recv data from uart\000"
 1635      20646174 
 1635      61206672 
 1635      6F6D2075 
 1635      61727400 
 1636              	.LC91:
 1637 01e6 696E6469 		.ascii	"indicate uart\000"
 1637      63617465 
 1637      20756172 
 1637      7400
 1638              		.bss
 1639              		.align	2
 1640              		.set	.LANCHOR0,. + 0
 1643              	pstHeatTable:
 1644 0000 00000000 		.space	4
 1645              		.text
 1646              	.Letext0:
 1647              		.file 2 "d:\\mesh\\meshstack\\bc6218\\tools\\gcc-arm-none-eabi-5_4-2016q3-20160926-win32\\arm-none
 1648              		.file 3 "d:\\mesh\\meshstack\\bc6218\\tools\\gcc-arm-none-eabi-5_4-2016q3-20160926-win32\\arm-none
 1649              		.file 4 "../../../mesh/api/m_defines.h"
 1650              		.file 5 "../../../mesh/api/m_api_msg.h"
 1651              		.file 6 "../../../mesh/models/inc/mm_com.h"
 1652              		.file 7 "../../../drivers/hal/inc/bc62xx_timer.h"
 1653              		.file 8 "../../../mesh/models/inc/bc_mm_gen_oo.h"
 1654              		.file 9 "../../../mesh/models/inc/bc_mm_light_ln.h"
 1655              		.file 10 "../../../mesh/models/inc/bc_mm_light_ctl.h"
 1656              		.file 11 "../../../mesh/app/app_mesh.h"
 1657              		.file 12 "../../../mesh/app/ali_HeatingTable/ali_HeatingTable.h"
 1658              		.file 13 "../../../mesh/models/inc/mm_ali.h"
 1659              		.file 14 "../../../drivers/hal/inc/bc62xx_gpio.h"
 1660              		.file 15 "../../../drivers/led/inc/led.h"
 1661              		.file 16 "../../../mesh/common/api/co_log.h"
 1662              		.file 17 "d:\\mesh\\meshstack\\bc6218\\tools\\gcc-arm-none-eabi-5_4-2016q3-20160926-win32\\arm-non
 1663              		.file 18 "../../../drivers/ProtocolResolution/inc/ProtocolRln.h"
 1664              		.file 19 "../../../mesh/api/m_api.h"
 1665              		.file 20 "../../../device/inc/bc_sys.h"
 1666              		.file 21 "../../../drivers/hal/inc/bc_flash.h"
 1667              		.file 22 "../../../mesh/app/ali_config.h"
 1668              		.file 23 "../../../mesh/port/meshTimer.h"
 1669              		.file 24 "../../../mesh/port/port.h"
